cl : Command line warning D9035: option 'Gm' has been deprecated and will be removed in a future release
  l_struct.c
  l_script.c
  l_precomp.c
e:\rtcw-sp-master\src\botlib\l_precomp.c(725): warning C4133: 'function': incompatible types - from 'unsigned long *' to 'const time_t *const '
e:\rtcw-sp-master\src\botlib\l_precomp.c(740): warning C4133: 'function': incompatible types - from 'unsigned long *' to 'const time_t *const '
  l_memory.c
  l_log.c
  l_libvar.c
  l_crc.c
  be_interface.c
  be_ea.c
  be_ai_weight.c
  be_ai_weap.c
  be_ai_move.c
  be_ai_goal.c
  be_ai_gen.c
  be_ai_chat.c
  be_ai_char.c
  be_aas_sample.c
  be_aas_routetable.c
  be_aas_routealt.c
  be_aas_route.c
  Generating Code...
  Compiling...
  be_aas_reach.c
  be_aas_optimize.c
  be_aas_move.c
  be_aas_main.c
  be_aas_file.c
  be_aas_entity.c
  be_aas_debug.c
  be_aas_cluster.c
  be_aas_bspq3.c
  Generating Code...
  botlib.vcxproj -> E:\RTCW-SP-master\src\botlib\.\Debug\botlib.lib
