  tr_animation.c
C:\Unity\RTCW-PCVR\src\renderer\tr_animation.c(143,23): warning C4459: declaration of 'oldFrame' hides global declaration
C:\Unity\RTCW-PCVR\src\renderer\tr_animation.c(65,25): message : see declaration of 'oldFrame'
C:\Unity\RTCW-PCVR\src\renderer\tr_animation.c(144,18): warning C4459: declaration of 'frameSize' hides global declaration
C:\Unity\RTCW-PCVR\src\renderer\tr_animation.c(66,12): message : see declaration of 'frameSize'
C:\Unity\RTCW-PCVR\src\renderer\tr_animation.c(241,22): warning C4459: declaration of 'lodScale' hides global declaration
C:\Unity\RTCW-PCVR\src\renderer\tr_animation.c(74,25): message : see declaration of 'lodScale'
C:\Unity\RTCW-PCVR\src\renderer\tr_animation.c(416,104): warning C4459: declaration of 'tr' hides global declaration
C:\Unity\RTCW-PCVR\src\renderer\tr_local.h(1068,20): message : see declaration of 'tr'
C:\Unity\RTCW-PCVR\src\renderer\tr_animation.c(428,119): warning C4459: declaration of 'tr' hides global declaration
C:\Unity\RTCW-PCVR\src\renderer\tr_local.h(1068,20): message : see declaration of 'tr'
C:\Unity\RTCW-PCVR\src\renderer\tr_animation.c(434,123): warning C4459: declaration of 'tr' hides global declaration
C:\Unity\RTCW-PCVR\src\renderer\tr_local.h(1068,20): message : see declaration of 'tr'
C:\Unity\RTCW-PCVR\src\renderer\tr_animation.c(440,126): warning C4459: declaration of 'tr' hides global declaration
C:\Unity\RTCW-PCVR\src\renderer\tr_local.h(1068,20): message : see declaration of 'tr'
C:\Unity\RTCW-PCVR\src\renderer\tr_animation.c(446,122): warning C4459: declaration of 'tr' hides global declaration
C:\Unity\RTCW-PCVR\src\renderer\tr_local.h(1068,20): message : see declaration of 'tr'
C:\Unity\RTCW-PCVR\src\renderer\tr_animation.c(464,65): warning C4459: declaration of 'angles' hides global declaration
C:\Unity\RTCW-PCVR\src\renderer\tr_animation.c(69,15): message : see declaration of 'angles'
C:\Unity\RTCW-PCVR\src\renderer\tr_animation.c(477,79): warning C4459: declaration of 'vec' hides global declaration
C:\Unity\RTCW-PCVR\src\renderer\tr_animation.c(71,15): message : see declaration of 'vec'
C:\Unity\RTCW-PCVR\src\renderer\tr_animation.c(527,116): warning C4459: declaration of 't' hides global declaration
C:\Unity\RTCW-PCVR\src\renderer\tr_animation.c(81,15): message : see declaration of 't'
C:\Unity\RTCW-PCVR\src\renderer\tr_animation.c(581,71): warning C4459: declaration of 't' hides global declaration
C:\Unity\RTCW-PCVR\src\renderer\tr_animation.c(81,15): message : see declaration of 't'
C:\Unity\RTCW-PCVR\src\renderer\tr_animation.c(601,105): warning C4459: declaration of 't' hides global declaration
C:\Unity\RTCW-PCVR\src\renderer\tr_animation.c(81,15): message : see declaration of 't'
C:\Unity\RTCW-PCVR\src\renderer\tr_animation.c(616,130): warning C4459: declaration of 't' hides global declaration
C:\Unity\RTCW-PCVR\src\renderer\tr_animation.c(81,15): message : see declaration of 't'
C:\Unity\RTCW-PCVR\src\renderer\tr_animation.c(1000,19): warning C4459: declaration of 'boneRefs' hides global declaration
C:\Unity\RTCW-PCVR\src\renderer\tr_animation.c(52,37): message : see declaration of 'boneRefs'
  tr_backend.c
C:\Unity\RTCW-PCVR\src\renderer\tr_backend.c(943,23): warning C4389: '==': signed/unsigned mismatch
  tr_bsp.c
  tr_cmds.c
C:\Unity\RTCW-PCVR\src\renderer\tr_cmds.c(260,30): warning C4459: declaration of 'colorWhite' hides global declaration
C:\Unity\RTCW-PCVR\src\game\q_shared.h(454,15): message : see declaration of 'colorWhite'
C:\Unity\RTCW-PCVR\src\renderer\tr_cmds.c(324,30): warning C4459: declaration of 'colorWhite' hides global declaration
C:\Unity\RTCW-PCVR\src\game\q_shared.h(454,15): message : see declaration of 'colorWhite'
  tr_cmesh.c
  tr_curve.c
C:\Unity\RTCW-PCVR\src\renderer\tr_curve.c(399,15): warning C4456: declaration of 'dir' hides previous local declaration
C:\Unity\RTCW-PCVR\src\renderer\tr_curve.c(372,6): message : see declaration of 'dir'
  tr_flares.c
  tr_font.c
  tr_image.c
C:\Unity\RTCW-PCVR\src\jpeg-6\jmorecfg.h(152,19): warning C4142: 'INT32': benign redefinition of type
C:\Program Files (x86)\Windows Kits\10\Include\10.0.17763.0\shared\basetsd.h(77): message : see declaration of 'INT32'
C:\Unity\RTCW-PCVR\src\renderer\tr_image.c(1258,26): warning C4389: '!=': signed/unsigned mismatch
  tr_init.c
C:\Unity\RTCW-PCVR\src\renderer\tr_init.c(1439,35): warning C4028: formal parameter 1 different from declaration
  tr_light.c
  tr_main.c
  tr_marks.c
C:\Unity\RTCW-PCVR\src\renderer\tr_marks.c(681,23): warning C4456: declaration of 'texCoordScale' hides previous local declaration
C:\Unity\RTCW-PCVR\src\renderer\tr_marks.c(500,8): message : see declaration of 'texCoordScale'
  tr_mesh.c
  tr_model.c
  tr_noise.c
  tr_scene.c
C:\Unity\RTCW-PCVR\src\RTCWVR\mathlib.h(39,1): warning C4005: 'RAD2DEG': macro redefinition
C:\Unity\RTCW-PCVR\src\game\q_shared.h(487): message : see previous definition of 'RAD2DEG'
C:\Unity\RTCW-PCVR\src\RTCWVR\mathlib.h(40,1): warning C4005: 'DEG2RAD': macro redefinition
C:\Unity\RTCW-PCVR\src\game\q_shared.h(486): message : see previous definition of 'DEG2RAD'
C:\Unity\RTCW-PCVR\src\RTCWVR\mathlib.h(58,1): warning C4005: 'nanmask': macro redefinition
C:\Unity\RTCW-PCVR\src\game\q_shared.h(494): message : see previous definition of 'nanmask'
C:\Unity\RTCW-PCVR\src\RTCWVR\mathlib.h(61,1): warning C4005: 'IS_NAN': macro redefinition
C:\Unity\RTCW-PCVR\src\game\q_shared.h(495): message : see previous definition of 'IS_NAN'
C:\Unity\RTCW-PCVR\src\RTCWVR\mathlib.h(74,1): warning C4005: 'Vector4Copy': macro redefinition
C:\Unity\RTCW-PCVR\src\game\q_shared.h(556): message : see previous definition of 'Vector4Copy'
C:\Unity\RTCW-PCVR\src\RTCWVR\mathlib.h(88,1): warning C4005: 'Vector4Set': macro redefinition
C:\Unity\RTCW-PCVR\src\game\q_shared.h(555): message : see previous definition of 'Vector4Set'
C:\Unity\RTCW-PCVR\src\RTCWVR\mathlib.h(98,1): warning C4005: 'VectorMA': macro redefinition
C:\Unity\RTCW-PCVR\src\game\q_shared.h(527): message : see previous definition of 'VectorMA'
  tr_shade.c
C:\Unity\RTCW-PCVR\src\renderer\tr_shade.c(99,26): warning C4389: '==': signed/unsigned mismatch
C:\Unity\RTCW-PCVR\src\renderer\tr_shade.c(99,59): warning C4389: '==': signed/unsigned mismatch
C:\Unity\RTCW-PCVR\src\renderer\tr_shade.c(125,19): warning C4389: '==': signed/unsigned mismatch
C:\Unity\RTCW-PCVR\src\renderer\tr_shade.c(125,52): warning C4389: '==': signed/unsigned mismatch
  tr_shade_calc.c
C:\Unity\RTCW-PCVR\src\renderer\tr_shade_calc.c(565,38): warning C4389: '==': signed/unsigned mismatch
C:\Unity\RTCW-PCVR\src\renderer\tr_shade_calc.c(566,42): warning C4389: '==': signed/unsigned mismatch
  tr_shader.c
C:\Unity\RTCW-PCVR\src\renderer\tr_shader.c(2830,21): warning C4459: declaration of 'shader' hides global declaration
C:\Unity\RTCW-PCVR\src\renderer\tr_shader.c(38,17): message : see declaration of 'shader'
  Generating Code...
C:\Unity\RTCW-PCVR\src\renderer\tr_model.c(2127): warning C4706: assignment within conditional expression
C:\Unity\RTCW-PCVR\src\renderer\tr_image.c(3735): warning C4706: assignment within conditional expression
C:\Unity\RTCW-PCVR\src\renderer\tr_image.c(2247): warning C4706: assignment within conditional expression
C:\Unity\RTCW-PCVR\src\renderer\tr_image.c(3897): warning C4706: assignment within conditional expression
C:\Unity\RTCW-PCVR\src\renderer\tr_backend.c(1061): warning C4701: potentially uninitialized local variable 'oldFaceCullEnabled' used
C:\Unity\RTCW-PCVR\src\renderer\tr_backend.c(1067): warning C4701: potentially uninitialized local variable 'oldFaceCullMode' used
  Compiling...
  tr_shadows.c
C:\Unity\RTCW-PCVR\src\renderer\tr_shadows.c(59,49): warning C4459: declaration of 'facing' hides global declaration
C:\Unity\RTCW-PCVR\src\renderer\tr_shadows.c(53,12): message : see declaration of 'facing'
  tr_sky.c
  tr_surface.c
  tr_world.c
  win_gamma.c
C:\Unity\RTCW-PCVR\src\win32\win_gamma.c(153,2): warning C4996: 'GetVersionExA': was declared deprecated
  win_glimp.c
C:\Unity\RTCW-PCVR\src\win32\win_glimp.c(1111,7): warning C4996: 'GetVersionExA': was declared deprecated
  win_qgl.c
  jcapimin.c
  jccoefct.c
  jccolor.c
  jcdctmgr.c
  jchuff.c
  jcinit.c
  jcmainct.c
  jcmarker.c
  jcmaster.c
  jcomapi.c
  jcparam.c
  jcphuff.c
  jcprepct.c
  Generating Code...
  Compiling...
  jcsample.c
  jctrans.c
  jdapimin.c
  jdapistd.c
  jdatadst.c
  jdatasrc.c
  jdcoefct.c
  jdcolor.c
  jddctmgr.c
  jdhuff.c
  jdinput.c
  jdmainct.c
  jdmarker.c
  jdmaster.c
  jdpostct.c
  jdsample.c
  jdtrans.c
  jerror.c
C:\Program Files (x86)\Windows Kits\10\Include\10.0.17763.0\shared\basetsd.h(77,34): warning C4142: 'INT32': benign redefinition of type
C:\Unity\RTCW-PCVR\src\jpeg-6\jmorecfg.h(152): message : see declaration of 'INT32'
  jfdctflt.c
  jidctflt.c
  Generating Code...
  Compiling...
  jmemmgr.c
  jmemnobs.c
C:\Program Files (x86)\Windows Kits\10\Include\10.0.17763.0\shared\basetsd.h(77,34): warning C4142: 'INT32': benign redefinition of type
C:\Unity\RTCW-PCVR\src\jpeg-6\jmorecfg.h(152): message : see declaration of 'INT32'
  jutils.c
  ahangles.c
  ahglobal.c
  ahglyph.c
C:\Unity\RTCW-PCVR\src\ft2\ahglyph.c(301,25): warning C4456: declaration of 'limit' hides previous local declaration
C:\Unity\RTCW-PCVR\src\ft2\ahglyph.c(225,14): message : see declaration of 'limit'
C:\Unity\RTCW-PCVR\src\ft2\ahglyph.c(598,25): warning C4456: declaration of 'min_point' hides previous local declaration
C:\Unity\RTCW-PCVR\src\ft2\ahglyph.c(451,16): message : see declaration of 'min_point'
C:\Unity\RTCW-PCVR\src\ft2\ahglyph.c(599,25): warning C4456: declaration of 'max_point' hides previous local declaration
C:\Unity\RTCW-PCVR\src\ft2\ahglyph.c(452,16): message : see declaration of 'max_point'
  ahhint.c
C:\Unity\RTCW-PCVR\src\ft2\ahhint.c(553,23): warning C4456: declaration of 'before' hides previous local declaration
C:\Unity\RTCW-PCVR\src\ft2\ahhint.c(498,14): message : see declaration of 'before'
C:\Unity\RTCW-PCVR\src\ft2\ahhint.c(554,23): warning C4456: declaration of 'after' hides previous local declaration
C:\Unity\RTCW-PCVR\src\ft2\ahhint.c(499,14): message : see declaration of 'after'
C:\Unity\RTCW-PCVR\src\ft2\ahhint.c(645,13): warning C4456: declaration of 'u' hides previous local declaration
C:\Unity\RTCW-PCVR\src\ft2\ahhint.c(631,9): message : see declaration of 'u'
C:\Unity\RTCW-PCVR\src\ft2\ahhint.c(1218,36): warning C4244: '=': conversion from 'FT_UInt' to 'short', possible loss of data
  ahmodule.c
  ahoptim.c
C:\Unity\RTCW-PCVR\src\ft2\ahoptim.c(713,18): warning C4456: declaration of 'stem' hides previous local declaration
C:\Unity\RTCW-PCVR\src\ft2\ahoptim.c(676,12): message : see declaration of 'stem'
  ftcalc.c
  ftdebug.c
  ftextend.c
  ftglyph.c
  ftgrays.c
C:\Unity\RTCW-PCVR\src\ft2\ftgrays.c(1327,23): warning C4244: '+=': conversion from 'int' to 'unsigned short', possible loss of data
  ftinit.c
  ftlist.c
  ftmm.c
  ftnames.c
  ftobjs.c
C:\Unity\RTCW-PCVR\src\ft2\ftobjs.c(597,48): warning C4244: '+=': conversion from 'FT_UInt' to 'short', possible loss of data
C:\Unity\RTCW-PCVR\src\ft2\ftobjs.c(631,31): warning C4244: '=': conversion from 'FT_UInt' to 'short', possible loss of data
C:\Unity\RTCW-PCVR\src\ft2\ftobjs.c(632,33): warning C4244: '=': conversion from 'FT_UInt' to 'short', possible loss of data
C:\Unity\RTCW-PCVR\src\ft2\ftobjs.c(2039,31): warning C4244: '=': conversion from 'FT_UInt' to 'FT_UShort', possible loss of data
C:\Unity\RTCW-PCVR\src\ft2\ftobjs.c(2040,32): warning C4244: '=': conversion from 'FT_UInt' to 'FT_UShort', possible loss of data
  ftoutln.c
  Generating Code...
  Compiling...
  ftraster.c
C:\Unity\RTCW-PCVR\src\ft2\ftraster.c(1080,18): warning C4244: '=': conversion from 'Long' to 'Short', possible loss of data
C:\Unity\RTCW-PCVR\src\ft2\ftraster.c(2635,43): warning C4244: '=': conversion from 'Long' to 'Short', possible loss of data
C:\Unity\RTCW-PCVR\src\ft2\ftraster.c(2666,31): warning C4244: '=': conversion from 'Long' to 'UShort', possible loss of data
C:\Unity\RTCW-PCVR\src\ft2\ftraster.c(2785,14): warning C4456: declaration of 'Q' hides previous local declaration
C:\Unity\RTCW-PCVR\src\ft2\ftraster.c(2607,14): message : see declaration of 'Q'
C:\Unity\RTCW-PCVR\src\ft2\ftraster.c(2785,17): warning C4456: declaration of 'P' hides previous local declaration
C:\Unity\RTCW-PCVR\src\ft2\ftraster.c(2607,11): message : see declaration of 'P'
C:\Unity\RTCW-PCVR\src\ft2\ftraster.c(2800,14): warning C4456: declaration of 'Q' hides previous local declaration
C:\Unity\RTCW-PCVR\src\ft2\ftraster.c(2607,14): message : see declaration of 'Q'
C:\Unity\RTCW-PCVR\src\ft2\ftraster.c(2800,18): warning C4456: declaration of 'P' hides previous local declaration
C:\Unity\RTCW-PCVR\src\ft2\ftraster.c(2607,11): message : see declaration of 'P'
C:\Unity\RTCW-PCVR\src\ft2\ftraster.c(2956,47): warning C4244: '=': conversion from 'int' to 'Short', possible loss of data
C:\Unity\RTCW-PCVR\src\ft2\ftraster.c(2958,32): warning C4244: '=': conversion from 'int' to 'UShort', possible loss of data
C:\Unity\RTCW-PCVR\src\ft2\ftraster.c(2974,49): warning C4244: '=': conversion from 'int' to 'Short', possible loss of data
  ftrend1.c
  ftsmooth.c
  ftstream.c
C:\Unity\RTCW-PCVR\src\ft2\ftstream.c(696,15): warning C4456: declaration of 'p' hides previous local declaration
C:\Unity\RTCW-PCVR\src\ft2\ftstream.c(646,13): message : see declaration of 'p'
C:\Unity\RTCW-PCVR\src\ft2\ftstream.c(719,15): warning C4456: declaration of 'p' hides previous local declaration
C:\Unity\RTCW-PCVR\src\ft2\ftstream.c(646,13): message : see declaration of 'p'
C:\Unity\RTCW-PCVR\src\ft2\ftstream.c(745,15): warning C4456: declaration of 'p' hides previous local declaration
C:\Unity\RTCW-PCVR\src\ft2\ftstream.c(646,13): message : see declaration of 'p'
  ftsystem.c
  sfdriver.c
  sfobjs.c
C:\Unity\RTCW-PCVR\src\ft2\sfobjs.c(385,40): warning C4244: '=': conversion from 'FT_Int' to 'FT_UShort', possible loss of data
C:\Unity\RTCW-PCVR\src\ft2\sfobjs.c(386,40): warning C4244: '=': conversion from 'FT_Int' to 'FT_UShort', possible loss of data
  ttcmap.c
  ttdriver.c
  ttgload.c
C:\Unity\RTCW-PCVR\src\ft2\ttgload.c(178,57): warning C4244: '=': conversion from 'FT_UInt' to 'FT_UShort', possible loss of data
C:\Unity\RTCW-PCVR\src\ft2\ttgload.c(179,61): warning C4244: '=': conversion from 'FT_UInt' to 'FT_Short', possible loss of data
C:\Unity\RTCW-PCVR\src\ft2\ttgload.c(201,18): warning C4100: 'glyph_index': unreferenced formal parameter
C:\Unity\RTCW-PCVR\src\ft2\ttgload.c(395,32): warning C4244: '=': conversion from 'FT_Int' to 'short', possible loss of data
C:\Unity\RTCW-PCVR\src\ft2\ttgload.c(396,34): warning C4244: '=': conversion from 'FT_Int' to 'short', possible loss of data
C:\Unity\RTCW-PCVR\src\ft2\ttgload.c(998,37): warning C4244: '=': conversion from 'FT_UInt' to 'FT_UShort', possible loss of data
  ttinterp.c
  ttload.c
C:\Unity\RTCW-PCVR\src\ft2\ttload.c(166,3): warning C4305: 'type cast': truncation from 'char *' to 'FT_UShort'
C:\Unity\RTCW-PCVR\src\ft2\ttload.c(167,3): warning C4305: 'type cast': truncation from 'char *' to 'FT_UShort'
C:\Unity\RTCW-PCVR\src\ft2\ttload.c(168,3): warning C4305: 'type cast': truncation from 'char *' to 'FT_UShort'
C:\Unity\RTCW-PCVR\src\ft2\ttload.c(169,3): warning C4305: 'type cast': truncation from 'char *' to 'FT_UShort'
C:\Unity\RTCW-PCVR\src\ft2\ttload.c(176,3): warning C4305: 'type cast': truncation from 'char *' to 'FT_UShort'
C:\Unity\RTCW-PCVR\src\ft2\ttload.c(177,3): warning C4305: 'type cast': truncation from 'char *' to 'FT_UShort'
C:\Unity\RTCW-PCVR\src\ft2\ttload.c(449,3): warning C4305: 'type cast': truncation from 'char *' to 'FT_UShort'
C:\Unity\RTCW-PCVR\src\ft2\ttload.c(450,3): warning C4305: 'type cast': truncation from 'char *' to 'FT_UShort'
C:\Unity\RTCW-PCVR\src\ft2\ttload.c(451,3): warning C4305: 'type cast': truncation from 'char *' to 'FT_UShort'
C:\Unity\RTCW-PCVR\src\ft2\ttload.c(452,3): warning C4305: 'type cast': truncation from 'char *' to 'FT_UShort'
C:\Unity\RTCW-PCVR\src\ft2\ttload.c(453,3): warning C4305: 'type cast': truncation from 'char *' to 'FT_UShort'
C:\Unity\RTCW-PCVR\src\ft2\ttload.c(454,3): warning C4305: 'type cast': truncation from 'char *' to 'FT_UShort'
C:\Unity\RTCW-PCVR\src\ft2\ttload.c(455,3): warning C4305: 'type cast': truncation from 'char *' to 'FT_UShort'
C:\Unity\RTCW-PCVR\src\ft2\ttload.c(456,3): warning C4305: 'type cast': truncation from 'char *' to 'FT_UShort'
C:\Unity\RTCW-PCVR\src\ft2\ttload.c(457,3): warning C4305: 'type cast': truncation from 'char *' to 'FT_UShort'
C:\Unity\RTCW-PCVR\src\ft2\ttload.c(458,3): warning C4305: 'type cast': truncation from 'char *' to 'FT_UShort'
C:\Unity\RTCW-PCVR\src\ft2\ttload.c(459,3): warning C4305: 'type cast': truncation from 'char *' to 'FT_UShort'
C:\Unity\RTCW-PCVR\src\ft2\ttload.c(460,3): warning C4305: 'type cast': truncation from 'char *' to 'FT_UShort'
C:\Unity\RTCW-PCVR\src\ft2\ttload.c(461,3): warning C4305: 'type cast': truncation from 'char *' to 'FT_UShort'
C:\Unity\RTCW-PCVR\src\ft2\ttload.c(462,3): warning C4305: 'type cast': truncation from 'char *' to 'FT_UShort'
C:\Unity\RTCW-PCVR\src\ft2\ttload.c(463,3): warning C4305: 'type cast': truncation from 'char *' to 'FT_UShort'
C:\Unity\RTCW-PCVR\src\ft2\ttload.c(464,3): warning C4305: 'type cast': truncation from 'char *' to 'FT_UShort'
C:\Unity\RTCW-PCVR\src\ft2\ttload.c(465,3): warning C4305: 'type cast': truncation from 'char *' to 'FT_UShort'
C:\Unity\RTCW-PCVR\src\ft2\ttload.c(466,3): warning C4305: 'type cast': truncation from 'char *' to 'FT_UShort'
C:\Unity\RTCW-PCVR\src\ft2\ttload.c(467,3): warning C4305: 'type cast': truncation from 'char *' to 'FT_UShort'
C:\Unity\RTCW-PCVR\src\ft2\ttload.c(519,3): warning C4305: 'type cast': truncation from 'char *' to 'FT_UShort'
C:\Unity\RTCW-PCVR\src\ft2\ttload.c(520,3): warning C4305: 'type cast': truncation from 'char *' to 'FT_UShort'
C:\Unity\RTCW-PCVR\src\ft2\ttload.c(521,3): warning C4305: 'type cast': truncation from 'char *' to 'FT_UShort'
C:\Unity\RTCW-PCVR\src\ft2\ttload.c(522,3): warning C4305: 'type cast': truncation from 'char *' to 'FT_UShort'
C:\Unity\RTCW-PCVR\src\ft2\ttload.c(523,3): warning C4305: 'type cast': truncation from 'char *' to 'FT_UShort'
C:\Unity\RTCW-PCVR\src\ft2\ttload.c(524,3): warning C4305: 'type cast': truncation from 'char *' to 'FT_UShort'
C:\Unity\RTCW-PCVR\src\ft2\ttload.c(525,3): warning C4305: 'type cast': truncation from 'char *' to 'FT_UShort'
C:\Unity\RTCW-PCVR\src\ft2\ttload.c(526,3): warning C4305: 'type cast': truncation from 'char *' to 'FT_UShort'
C:\Unity\RTCW-PCVR\src\ft2\ttload.c(527,3): warning C4305: 'type cast': truncation from 'char *' to 'FT_UShort'
C:\Unity\RTCW-PCVR\src\ft2\ttload.c(528,3): warning C4305: 'type cast': truncation from 'char *' to 'FT_UShort'
C:\Unity\RTCW-PCVR\src\ft2\ttload.c(529,3): warning C4305: 'type cast': truncation from 'char *' to 'FT_UShort'
C:\Unity\RTCW-PCVR\src\ft2\ttload.c(530,3): warning C4305: 'type cast': truncation from 'char *' to 'FT_UShort'
C:\Unity\RTCW-PCVR\src\ft2\ttload.c(531,3): warning C4305: 'type cast': truncation from 'char *' to 'FT_UShort'
C:\Unity\RTCW-PCVR\src\ft2\ttload.c(532,3): warning C4305: 'type cast': truncation from 'char *' to 'FT_UShort'
C:\Unity\RTCW-PCVR\src\ft2\ttload.c(533,3): warning C4305: 'type cast': truncation from 'char *' to 'FT_UShort'
C:\Unity\RTCW-PCVR\src\ft2\ttload.c(749,3): warning C4305: 'type cast': truncation from 'char *' to 'FT_UShort'
C:\Unity\RTCW-PCVR\src\ft2\ttload.c(750,3): warning C4305: 'type cast': truncation from 'char *' to 'FT_UShort'
C:\Unity\RTCW-PCVR\src\ft2\ttload.c(751,3): warning C4305: 'type cast': truncation from 'char *' to 'FT_UShort'
C:\Unity\RTCW-PCVR\src\ft2\ttload.c(752,3): warning C4305: 'type cast': truncation from 'char *' to 'FT_UShort'
C:\Unity\RTCW-PCVR\src\ft2\ttload.c(753,3): warning C4305: 'type cast': truncation from 'char *' to 'FT_UShort'
C:\Unity\RTCW-PCVR\src\ft2\ttload.c(754,3): warning C4305: 'type cast': truncation from 'char *' to 'FT_UShort'
C:\Unity\RTCW-PCVR\src\ft2\ttload.c(755,3): warning C4305: 'type cast': truncation from 'char *' to 'FT_UShort'
C:\Unity\RTCW-PCVR\src\ft2\ttload.c(756,3): warning C4305: 'type cast': truncation from 'char *' to 'FT_UShort'
C:\Unity\RTCW-PCVR\src\ft2\ttload.c(757,3): warning C4305: 'type cast': truncation from 'char *' to 'FT_UShort'
C:\Unity\RTCW-PCVR\src\ft2\ttload.c(758,3): warning C4305: 'type cast': truncation from 'char *' to 'FT_UShort'
C:\Unity\RTCW-PCVR\src\ft2\ttload.c(759,3): warning C4305: 'type cast': truncation from 'char *' to 'FT_UShort'
C:\Unity\RTCW-PCVR\src\ft2\ttload.c(760,3): warning C4305: 'type cast': truncation from 'char *' to 'FT_UShort'
C:\Unity\RTCW-PCVR\src\ft2\ttload.c(761,3): warning C4305: 'type cast': truncation from 'char *' to 'FT_UShort'
C:\Unity\RTCW-PCVR\src\ft2\ttload.c(762,3): warning C4305: 'type cast': truncation from 'char *' to 'FT_UShort'
C:\Unity\RTCW-PCVR\src\ft2\ttload.c(763,3): warning C4305: 'type cast': truncation from 'char *' to 'FT_UShort'
C:\Unity\RTCW-PCVR\src\ft2\ttload.c(764,3): warning C4305: 'type cast': truncation from 'char *' to 'FT_UShort'
C:\Unity\RTCW-PCVR\src\ft2\ttload.c(765,3): warning C4305: 'type cast': truncation from 'char *' to 'FT_UShort'
C:\Unity\RTCW-PCVR\src\ft2\ttload.c(845,3): warning C4305: 'type cast': truncation from 'char *' to 'FT_UShort'
C:\Unity\RTCW-PCVR\src\ft2\ttload.c(846,3): warning C4305: 'type cast': truncation from 'char *' to 'FT_UShort'
C:\Unity\RTCW-PCVR\src\ft2\ttload.c(847,3): warning C4305: 'type cast': truncation from 'char *' to 'FT_UShort'
C:\Unity\RTCW-PCVR\src\ft2\ttload.c(854,3): warning C4305: 'type cast': truncation from 'char *' to 'FT_UShort'
C:\Unity\RTCW-PCVR\src\ft2\ttload.c(855,3): warning C4305: 'type cast': truncation from 'char *' to 'FT_UShort'
C:\Unity\RTCW-PCVR\src\ft2\ttload.c(856,3): warning C4305: 'type cast': truncation from 'char *' to 'FT_UShort'
C:\Unity\RTCW-PCVR\src\ft2\ttload.c(857,3): warning C4305: 'type cast': truncation from 'char *' to 'FT_UShort'
C:\Unity\RTCW-PCVR\src\ft2\ttload.c(858,3): warning C4305: 'type cast': truncation from 'char *' to 'FT_UShort'
C:\Unity\RTCW-PCVR\src\ft2\ttload.c(859,3): warning C4305: 'type cast': truncation from 'char *' to 'FT_UShort'
C:\Unity\RTCW-PCVR\src\ft2\ttload.c(1038,3): warning C4305: 'type cast': truncation from 'char *' to 'FT_UShort'
C:\Unity\RTCW-PCVR\src\ft2\ttload.c(1039,3): warning C4305: 'type cast': truncation from 'char *' to 'FT_UShort'
C:\Unity\RTCW-PCVR\src\ft2\ttload.c(1046,3): warning C4305: 'type cast': truncation from 'char *' to 'FT_UShort'
C:\Unity\RTCW-PCVR\src\ft2\ttload.c(1047,3): warning C4305: 'type cast': truncation from 'char *' to 'FT_UShort'
C:\Unity\RTCW-PCVR\src\ft2\ttload.c(1048,3): warning C4305: 'type cast': truncation from 'char *' to 'FT_UShort'
C:\Unity\RTCW-PCVR\src\ft2\ttload.c(1147,3): warning C4305: 'type cast': truncation from 'char *' to 'FT_UShort'
C:\Unity\RTCW-PCVR\src\ft2\ttload.c(1148,3): warning C4305: 'type cast': truncation from 'char *' to 'FT_UShort'
C:\Unity\RTCW-PCVR\src\ft2\ttload.c(1149,3): warning C4305: 'type cast': truncation from 'char *' to 'FT_UShort'
C:\Unity\RTCW-PCVR\src\ft2\ttload.c(1150,3): warning C4305: 'type cast': truncation from 'char *' to 'FT_UShort'
C:\Unity\RTCW-PCVR\src\ft2\ttload.c(1151,3): warning C4305: 'type cast': truncation from 'char *' to 'FT_UShort'
C:\Unity\RTCW-PCVR\src\ft2\ttload.c(1152,3): warning C4305: 'type cast': truncation from 'char *' to 'FT_UShort'
C:\Unity\RTCW-PCVR\src\ft2\ttload.c(1153,3): warning C4305: 'type cast': truncation from 'char *' to 'FT_UShort'
C:\Unity\RTCW-PCVR\src\ft2\ttload.c(1154,3): warning C4305: 'type cast': truncation from 'char *' to 'FT_UShort'
C:\Unity\RTCW-PCVR\src\ft2\ttload.c(1155,3): warning C4305: 'type cast': truncation from 'char *' to 'FT_UShort'
C:\Unity\RTCW-PCVR\src\ft2\ttload.c(1156,3): warning C4305: 'type cast': truncation from 'char *' to 'FT_UShort'
C:\Unity\RTCW-PCVR\src\ft2\ttload.c(1157,3): warning C4305: 'type cast': truncation from 'char *' to 'FT_UShort'
C:\Unity\RTCW-PCVR\src\ft2\ttload.c(1158,3): warning C4305: 'type cast': truncation from 'char *' to 'FT_UShort'
C:\Unity\RTCW-PCVR\src\ft2\ttload.c(1159,3): warning C4305: 'type cast': truncation from 'char *' to 'FT_UShort'
C:\Unity\RTCW-PCVR\src\ft2\ttload.c(1160,3): warning C4305: 'type cast': truncation from 'char *' to 'FT_UShort'
C:\Unity\RTCW-PCVR\src\ft2\ttload.c(1161,3): warning C4305: 'type cast': truncation from 'char *' to 'FT_UShort'
C:\Unity\RTCW-PCVR\src\ft2\ttload.c(1162,3): warning C4305: 'type cast': truncation from 'char *' to 'FT_UShort'
C:\Unity\RTCW-PCVR\src\ft2\ttload.c(1163,3): warning C4305: 'type cast': truncation from 'char *' to 'FT_UShort'
C:\Unity\RTCW-PCVR\src\ft2\ttload.c(1164,3): warning C4305: 'type cast': truncation from 'char *' to 'FT_UShort'
C:\Unity\RTCW-PCVR\src\ft2\ttload.c(1165,3): warning C4305: 'type cast': truncation from 'char *' to 'FT_UShort'
C:\Unity\RTCW-PCVR\src\ft2\ttload.c(1166,3): warning C4305: 'type cast': truncation from 'char *' to 'FT_UShort'
C:\Unity\RTCW-PCVR\src\ft2\ttload.c(1167,3): warning C4305: 'type cast': truncation from 'char *' to 'FT_UShort'
C:\Unity\RTCW-PCVR\src\ft2\ttload.c(1168,3): warning C4305: 'type cast': truncation from 'char *' to 'FT_UShort'
C:\Unity\RTCW-PCVR\src\ft2\ttload.c(1169,3): warning C4305: 'type cast': truncation from 'char *' to 'FT_UShort'
C:\Unity\RTCW-PCVR\src\ft2\ttload.c(1170,3): warning C4305: 'type cast': truncation from 'char *' to 'FT_UShort'
C:\Unity\RTCW-PCVR\src\ft2\ttload.c(1171,3): warning C4305: 'type cast': truncation from 'char *' to 'FT_UShort'
C:\Unity\RTCW-PCVR\src\ft2\ttload.c(1172,3): warning C4305: 'type cast': truncation from 'char *' to 'FT_UShort'
C:\Unity\RTCW-PCVR\src\ft2\ttload.c(1173,3): warning C4305: 'type cast': truncation from 'char *' to 'FT_UShort'
C:\Unity\RTCW-PCVR\src\ft2\ttload.c(1174,3): warning C4305: 'type cast': truncation from 'char *' to 'FT_UShort'
C:\Unity\RTCW-PCVR\src\ft2\ttload.c(1175,3): warning C4305: 'type cast': truncation from 'char *' to 'FT_UShort'
C:\Unity\RTCW-PCVR\src\ft2\ttload.c(1176,3): warning C4305: 'type cast': truncation from 'char *' to 'FT_UShort'
C:\Unity\RTCW-PCVR\src\ft2\ttload.c(1177,3): warning C4305: 'type cast': truncation from 'FT_Char *' to 'FT_UShort'
C:\Unity\RTCW-PCVR\src\ft2\ttload.c(1178,3): warning C4305: 'type cast': truncation from 'FT_Char *' to 'FT_UShort'
C:\Unity\RTCW-PCVR\src\ft2\ttload.c(1179,3): warning C4305: 'type cast': truncation from 'FT_Char *' to 'FT_UShort'
C:\Unity\RTCW-PCVR\src\ft2\ttload.c(1180,3): warning C4305: 'type cast': truncation from 'FT_Char *' to 'FT_UShort'
C:\Unity\RTCW-PCVR\src\ft2\ttload.c(1182,3): warning C4305: 'type cast': truncation from 'char *' to 'FT_UShort'
C:\Unity\RTCW-PCVR\src\ft2\ttload.c(1183,3): warning C4305: 'type cast': truncation from 'char *' to 'FT_UShort'
C:\Unity\RTCW-PCVR\src\ft2\ttload.c(1184,3): warning C4305: 'type cast': truncation from 'char *' to 'FT_UShort'
C:\Unity\RTCW-PCVR\src\ft2\ttload.c(1185,3): warning C4305: 'type cast': truncation from 'char *' to 'FT_UShort'
C:\Unity\RTCW-PCVR\src\ft2\ttload.c(1186,3): warning C4305: 'type cast': truncation from 'char *' to 'FT_UShort'
C:\Unity\RTCW-PCVR\src\ft2\ttload.c(1187,3): warning C4305: 'type cast': truncation from 'char *' to 'FT_UShort'
C:\Unity\RTCW-PCVR\src\ft2\ttload.c(1188,3): warning C4305: 'type cast': truncation from 'char *' to 'FT_UShort'
C:\Unity\RTCW-PCVR\src\ft2\ttload.c(1189,3): warning C4305: 'type cast': truncation from 'char *' to 'FT_UShort'
C:\Unity\RTCW-PCVR\src\ft2\ttload.c(1196,3): warning C4305: 'type cast': truncation from 'char *' to 'FT_UShort'
C:\Unity\RTCW-PCVR\src\ft2\ttload.c(1197,3): warning C4305: 'type cast': truncation from 'char *' to 'FT_UShort'
C:\Unity\RTCW-PCVR\src\ft2\ttload.c(1204,3): warning C4305: 'type cast': truncation from 'char *' to 'FT_UShort'
C:\Unity\RTCW-PCVR\src\ft2\ttload.c(1205,3): warning C4305: 'type cast': truncation from 'char *' to 'FT_UShort'
C:\Unity\RTCW-PCVR\src\ft2\ttload.c(1206,3): warning C4305: 'type cast': truncation from 'char *' to 'FT_UShort'
C:\Unity\RTCW-PCVR\src\ft2\ttload.c(1207,3): warning C4305: 'type cast': truncation from 'char *' to 'FT_UShort'
C:\Unity\RTCW-PCVR\src\ft2\ttload.c(1208,3): warning C4305: 'type cast': truncation from 'char *' to 'FT_UShort'
C:\Unity\RTCW-PCVR\src\ft2\ttload.c(1280,3): warning C4305: 'type cast': truncation from 'char *' to 'FT_UShort'
C:\Unity\RTCW-PCVR\src\ft2\ttload.c(1281,3): warning C4305: 'type cast': truncation from 'char *' to 'FT_UShort'
C:\Unity\RTCW-PCVR\src\ft2\ttload.c(1282,3): warning C4305: 'type cast': truncation from 'char *' to 'FT_UShort'
C:\Unity\RTCW-PCVR\src\ft2\ttload.c(1283,3): warning C4305: 'type cast': truncation from 'char *' to 'FT_UShort'
C:\Unity\RTCW-PCVR\src\ft2\ttload.c(1284,3): warning C4305: 'type cast': truncation from 'char *' to 'FT_UShort'
C:\Unity\RTCW-PCVR\src\ft2\ttload.c(1285,3): warning C4305: 'type cast': truncation from 'char *' to 'FT_UShort'
C:\Unity\RTCW-PCVR\src\ft2\ttload.c(1286,3): warning C4305: 'type cast': truncation from 'char *' to 'FT_UShort'
C:\Unity\RTCW-PCVR\src\ft2\ttload.c(1287,3): warning C4305: 'type cast': truncation from 'char *' to 'FT_UShort'
C:\Unity\RTCW-PCVR\src\ft2\ttload.c(1288,3): warning C4305: 'type cast': truncation from 'char *' to 'FT_UShort'
C:\Unity\RTCW-PCVR\src\ft2\ttload.c(1333,3): warning C4305: 'type cast': truncation from 'char *' to 'FT_UShort'
C:\Unity\RTCW-PCVR\src\ft2\ttload.c(1334,3): warning C4305: 'type cast': truncation from 'char *' to 'FT_UShort'
C:\Unity\RTCW-PCVR\src\ft2\ttload.c(1335,3): warning C4305: 'type cast': truncation from 'char *' to 'FT_UShort'
C:\Unity\RTCW-PCVR\src\ft2\ttload.c(1336,3): warning C4305: 'type cast': truncation from 'char *' to 'FT_UShort'
C:\Unity\RTCW-PCVR\src\ft2\ttload.c(1337,3): warning C4305: 'type cast': truncation from 'char *' to 'FT_UShort'
C:\Unity\RTCW-PCVR\src\ft2\ttload.c(1338,3): warning C4305: 'type cast': truncation from 'char *' to 'FT_UShort'
C:\Unity\RTCW-PCVR\src\ft2\ttload.c(1339,3): warning C4305: 'type cast': truncation from 'char *' to 'FT_UShort'
C:\Unity\RTCW-PCVR\src\ft2\ttload.c(1340,3): warning C4305: 'type cast': truncation from 'char *' to 'FT_UShort'
C:\Unity\RTCW-PCVR\src\ft2\ttload.c(1341,3): warning C4305: 'type cast': truncation from 'char *' to 'FT_UShort'
C:\Unity\RTCW-PCVR\src\ft2\ttload.c(1342,3): warning C4305: 'type cast': truncation from 'char *' to 'FT_UShort'
C:\Unity\RTCW-PCVR\src\ft2\ttload.c(1343,3): warning C4305: 'type cast': truncation from 'FT_Char *' to 'FT_UShort'
C:\Unity\RTCW-PCVR\src\ft2\ttload.c(1344,3): warning C4305: 'type cast': truncation from 'FT_Char *' to 'FT_UShort'
C:\Unity\RTCW-PCVR\src\ft2\ttload.c(1345,3): warning C4305: 'type cast': truncation from 'char *' to 'FT_UShort'
C:\Unity\RTCW-PCVR\src\ft2\ttload.c(1346,3): warning C4305: 'type cast': truncation from 'char *' to 'FT_UShort'
  ttobjs.c
  ttpload.c
  ttpost.c
C:\Unity\RTCW-PCVR\src\ft2\ttpost.c(250,36): warning C4244: '=': conversion from 'FT_Int' to 'FT_UShort', possible loss of data
C:\Unity\RTCW-PCVR\src\ft2\ttpost.c(251,35): warning C4244: '=': conversion from 'FT_Int' to 'FT_UShort', possible loss of data
C:\Unity\RTCW-PCVR\src\ft2\ttpost.c(324,33): warning C4244: '=': conversion from 'FT_Int' to 'FT_UShort', possible loss of data
  ttsbit.c
C:\Unity\RTCW-PCVR\src\ft2\ttsbit.c(168,19): warning C4244: '-=': conversion from 'FT_Int' to 'FT_Byte', possible loss of data
C:\Unity\RTCW-PCVR\src\ft2\ttsbit.c(184,2): warning C4305: 'type cast': truncation from 'char *' to 'FT_UShort'
C:\Unity\RTCW-PCVR\src\ft2\ttsbit.c(185,2): warning C4305: 'type cast': truncation from 'char *' to 'FT_UShort'
C:\Unity\RTCW-PCVR\src\ft2\ttsbit.c(187,2): warning C4305: 'type cast': truncation from 'FT_Char *' to 'FT_UShort'
C:\Unity\RTCW-PCVR\src\ft2\ttsbit.c(188,2): warning C4305: 'type cast': truncation from 'FT_Char *' to 'FT_UShort'
C:\Unity\RTCW-PCVR\src\ft2\ttsbit.c(189,2): warning C4305: 'type cast': truncation from 'char *' to 'FT_UShort'
C:\Unity\RTCW-PCVR\src\ft2\ttsbit.c(191,2): warning C4305: 'type cast': truncation from 'FT_Char *' to 'FT_UShort'
C:\Unity\RTCW-PCVR\src\ft2\ttsbit.c(192,2): warning C4305: 'type cast': truncation from 'FT_Char *' to 'FT_UShort'
C:\Unity\RTCW-PCVR\src\ft2\ttsbit.c(193,2): warning C4305: 'type cast': truncation from 'char *' to 'FT_UShort'
C:\Unity\RTCW-PCVR\src\ft2\ttsbit.c(398,3): warning C4305: 'type cast': truncation from 'FT_Char *' to 'FT_UShort'
C:\Unity\RTCW-PCVR\src\ft2\ttsbit.c(399,3): warning C4305: 'type cast': truncation from 'FT_Char *' to 'FT_UShort'
C:\Unity\RTCW-PCVR\src\ft2\ttsbit.c(400,3): warning C4305: 'type cast': truncation from 'char *' to 'FT_UShort'
C:\Unity\RTCW-PCVR\src\ft2\ttsbit.c(402,3): warning C4305: 'type cast': truncation from 'FT_Char *' to 'FT_UShort'
C:\Unity\RTCW-PCVR\src\ft2\ttsbit.c(403,3): warning C4305: 'type cast': truncation from 'FT_Char *' to 'FT_UShort'
C:\Unity\RTCW-PCVR\src\ft2\ttsbit.c(404,3): warning C4305: 'type cast': truncation from 'FT_Char *' to 'FT_UShort'
C:\Unity\RTCW-PCVR\src\ft2\ttsbit.c(406,3): warning C4305: 'type cast': truncation from 'FT_Char *' to 'FT_UShort'
C:\Unity\RTCW-PCVR\src\ft2\ttsbit.c(407,3): warning C4305: 'type cast': truncation from 'FT_Char *' to 'FT_UShort'
C:\Unity\RTCW-PCVR\src\ft2\ttsbit.c(408,3): warning C4305: 'type cast': truncation from 'FT_Char *' to 'FT_UShort'
C:\Unity\RTCW-PCVR\src\ft2\ttsbit.c(409,3): warning C4305: 'type cast': truncation from 'FT_Char *' to 'FT_UShort'
C:\Unity\RTCW-PCVR\src\ft2\ttsbit.c(410,3): warning C4305: 'type cast': truncation from 'FT_Char *' to 'FT_UShort'
C:\Unity\RTCW-PCVR\src\ft2\ttsbit.c(411,3): warning C4305: 'type cast': truncation from 'FT_Char *' to 'FT_UShort'
C:\Unity\RTCW-PCVR\src\ft2\ttsbit.c(418,3): warning C4305: 'type cast': truncation from 'char *' to 'FT_UShort'
C:\Unity\RTCW-PCVR\src\ft2\ttsbit.c(420,3): warning C4305: 'type cast': truncation from 'char *' to 'FT_UShort'
C:\Unity\RTCW-PCVR\src\ft2\ttsbit.c(421,3): warning C4305: 'type cast': truncation from 'char *' to 'FT_UShort'
C:\Unity\RTCW-PCVR\src\ft2\ttsbit.c(428,3): warning C4305: 'type cast': truncation from 'char *' to 'FT_UShort'
C:\Unity\RTCW-PCVR\src\ft2\ttsbit.c(429,3): warning C4305: 'type cast': truncation from 'char *' to 'FT_UShort'
C:\Unity\RTCW-PCVR\src\ft2\ttsbit.c(430,3): warning C4305: 'type cast': truncation from 'char *' to 'FT_UShort'
C:\Unity\RTCW-PCVR\src\ft2\ttsbit.c(431,3): warning C4305: 'type cast': truncation from 'char *' to 'FT_UShort'
C:\Unity\RTCW-PCVR\src\ft2\ttsbit.c(432,3): warning C4305: 'type cast': truncation from 'char *' to 'FT_UShort'
C:\Unity\RTCW-PCVR\src\ft2\ttsbit.c(433,3): warning C4305: 'type cast': truncation from 'FT_Char *' to 'FT_UShort'
C:\Unity\RTCW-PCVR\src\ft2\ttsbit.c(664,1): warning C4244: 'initializing': conversion from 'FT_UInt' to 'FT_UShort', possible loss of data
C:\Unity\RTCW-PCVR\src\ft2\ttsbit.c(834,4): warning C4305: 'type cast': truncation from 'char *' to 'FT_UShort'
C:\Unity\RTCW-PCVR\src\ft2\ttsbit.c(835,4): warning C4305: 'type cast': truncation from 'char *' to 'FT_UShort'
C:\Unity\RTCW-PCVR\src\ft2\ttsbit.c(836,4): warning C4305: 'type cast': truncation from 'FT_Char *' to 'FT_UShort'
C:\Unity\RTCW-PCVR\src\ft2\ttsbit.c(837,4): warning C4305: 'type cast': truncation from 'FT_Char *' to 'FT_UShort'
C:\Unity\RTCW-PCVR\src\ft2\ttsbit.c(838,4): warning C4305: 'type cast': truncation from 'char *' to 'FT_UShort'
C:\Unity\RTCW-PCVR\src\ft2\ttsbit.c(962,34): warning C4244: '-=': conversion from 'FT_Int' to 'FT_Byte', possible loss of data
C:\Unity\RTCW-PCVR\src\ft2\ttsbit.c(963,34): warning C4244: '-=': conversion from 'FT_Int' to 'FT_Char', possible loss of data
C:\Unity\RTCW-PCVR\src\ft2\ttsbit.c(964,34): warning C4244: '-=': conversion from 'FT_Int' to 'FT_Char', possible loss of data
C:\Unity\RTCW-PCVR\src\ft2\ttsbit.c(995,28): warning C4244: '-=': conversion from 'FT_Int' to 'FT_Byte', possible loss of data
C:\Unity\RTCW-PCVR\src\ft2\ttsbit.c(1435,40): warning C4244: '=': conversion from 'int' to 'FT_Char', possible loss of data
C:\Unity\RTCW-PCVR\src\ft2\ttsbit.c(1436,45): warning C4244: '=': conversion from 'int' to 'FT_Byte', possible loss of data
  Generating Code...
  renderer.vcxproj -> C:\Unity\RTCW-PCVR\src\renderer\.\Release\renderer.lib
