e:\rtcw-sp-master\src\renderer\release\renderer.pdb
e:\rtcw-sp-master\src\renderer\release\ftsmooth.obj
e:\rtcw-sp-master\src\renderer\release\ftrend1.obj
e:\rtcw-sp-master\src\renderer\release\ftraster.obj
e:\rtcw-sp-master\src\renderer\release\ftoutln.obj
e:\rtcw-sp-master\src\renderer\release\ftobjs.obj
e:\rtcw-sp-master\src\renderer\release\ftnames.obj
e:\rtcw-sp-master\src\renderer\release\ftmm.obj
e:\rtcw-sp-master\src\renderer\release\ftlist.obj
e:\rtcw-sp-master\src\renderer\release\ftinit.obj
e:\rtcw-sp-master\src\renderer\release\ftgrays.obj
e:\rtcw-sp-master\src\renderer\release\ftglyph.obj
e:\rtcw-sp-master\src\renderer\release\ftextend.obj
e:\rtcw-sp-master\src\renderer\release\ftdebug.obj
e:\rtcw-sp-master\src\renderer\release\ftcalc.obj
e:\rtcw-sp-master\src\renderer\release\ahoptim.obj
e:\rtcw-sp-master\src\renderer\release\ahmodule.obj
e:\rtcw-sp-master\src\renderer\release\ahhint.obj
e:\rtcw-sp-master\src\renderer\release\ahglyph.obj
e:\rtcw-sp-master\src\renderer\release\ahglobal.obj
e:\rtcw-sp-master\src\renderer\release\ahangles.obj
e:\rtcw-sp-master\src\renderer\release\jcmainct.obj
e:\rtcw-sp-master\src\renderer\release\jcinit.obj
e:\rtcw-sp-master\src\renderer\release\jchuff.obj
e:\rtcw-sp-master\src\renderer\release\jcdctmgr.obj
e:\rtcw-sp-master\src\renderer\release\jccolor.obj
e:\rtcw-sp-master\src\renderer\release\jccoefct.obj
e:\rtcw-sp-master\src\renderer\release\jcapimin.obj
e:\rtcw-sp-master\src\renderer\release\ttsbit.obj
e:\rtcw-sp-master\src\renderer\release\ttpost.obj
e:\rtcw-sp-master\src\renderer\release\ttpload.obj
e:\rtcw-sp-master\src\renderer\release\ttobjs.obj
e:\rtcw-sp-master\src\renderer\release\ttload.obj
e:\rtcw-sp-master\src\renderer\release\ttinterp.obj
e:\rtcw-sp-master\src\renderer\release\ttgload.obj
e:\rtcw-sp-master\src\renderer\release\ttdriver.obj
e:\rtcw-sp-master\src\renderer\release\ttcmap.obj
e:\rtcw-sp-master\src\renderer\release\sfobjs.obj
e:\rtcw-sp-master\src\renderer\release\sfdriver.obj
e:\rtcw-sp-master\src\renderer\release\ftsystem.obj
e:\rtcw-sp-master\src\renderer\release\ftstream.obj
e:\rtcw-sp-master\src\renderer\release\jdmaster.obj
e:\rtcw-sp-master\src\renderer\release\jdmarker.obj
e:\rtcw-sp-master\src\renderer\release\jdmainct.obj
e:\rtcw-sp-master\src\renderer\release\jdinput.obj
e:\rtcw-sp-master\src\renderer\release\jdhuff.obj
e:\rtcw-sp-master\src\renderer\release\jddctmgr.obj
e:\rtcw-sp-master\src\renderer\release\jdcolor.obj
e:\rtcw-sp-master\src\renderer\release\jdcoefct.obj
e:\rtcw-sp-master\src\renderer\release\jdatasrc.obj
e:\rtcw-sp-master\src\renderer\release\jdatadst.obj
e:\rtcw-sp-master\src\renderer\release\jdapistd.obj
e:\rtcw-sp-master\src\renderer\release\jdapimin.obj
e:\rtcw-sp-master\src\renderer\release\jctrans.obj
e:\rtcw-sp-master\src\renderer\release\jcsample.obj
e:\rtcw-sp-master\src\renderer\release\jcprepct.obj
e:\rtcw-sp-master\src\renderer\release\jcphuff.obj
e:\rtcw-sp-master\src\renderer\release\jcparam.obj
e:\rtcw-sp-master\src\renderer\release\jcomapi.obj
e:\rtcw-sp-master\src\renderer\release\jcmaster.obj
e:\rtcw-sp-master\src\renderer\release\jcmarker.obj
e:\rtcw-sp-master\src\renderer\release\tr_font.obj
e:\rtcw-sp-master\src\renderer\release\tr_flares.obj
e:\rtcw-sp-master\src\renderer\release\tr_curve.obj
e:\rtcw-sp-master\src\renderer\release\tr_cmesh.obj
e:\rtcw-sp-master\src\renderer\release\tr_cmds.obj
e:\rtcw-sp-master\src\renderer\release\tr_bsp.obj
e:\rtcw-sp-master\src\renderer\release\tr_backend.obj
e:\rtcw-sp-master\src\renderer\release\tr_animation.obj
e:\rtcw-sp-master\src\renderer\release\win_qgl.obj
e:\rtcw-sp-master\src\renderer\release\win_glimp.obj
e:\rtcw-sp-master\src\renderer\release\win_gamma.obj
e:\rtcw-sp-master\src\renderer\release\jutils.obj
e:\rtcw-sp-master\src\renderer\release\jmemnobs.obj
e:\rtcw-sp-master\src\renderer\release\jmemmgr.obj
e:\rtcw-sp-master\src\renderer\release\jidctflt.obj
e:\rtcw-sp-master\src\renderer\release\jfdctflt.obj
e:\rtcw-sp-master\src\renderer\release\jerror.obj
e:\rtcw-sp-master\src\renderer\release\jdtrans.obj
e:\rtcw-sp-master\src\renderer\release\jdsample.obj
e:\rtcw-sp-master\src\renderer\release\jdpostct.obj
e:\rtcw-sp-master\src\renderer\release\tr_world.obj
e:\rtcw-sp-master\src\renderer\release\tr_surface.obj
e:\rtcw-sp-master\src\renderer\release\tr_sky.obj
e:\rtcw-sp-master\src\renderer\release\tr_shadows.obj
e:\rtcw-sp-master\src\renderer\release\tr_shader.obj
e:\rtcw-sp-master\src\renderer\release\tr_shade_calc.obj
e:\rtcw-sp-master\src\renderer\release\tr_shade.obj
e:\rtcw-sp-master\src\renderer\release\tr_noise.obj
e:\rtcw-sp-master\src\renderer\release\tr_model.obj
e:\rtcw-sp-master\src\renderer\release\tr_mesh.obj
e:\rtcw-sp-master\src\renderer\release\tr_marks.obj
e:\rtcw-sp-master\src\renderer\release\tr_main.obj
e:\rtcw-sp-master\src\renderer\release\tr_light.obj
e:\rtcw-sp-master\src\renderer\release\tr_init.obj
e:\rtcw-sp-master\src\renderer\release\tr_image.obj
e:\rtcwquest\src\renderer\release\renderer.pdb
e:\rtcwquest\src\renderer\release\tr_shader.obj
e:\rtcwquest\src\renderer\release\tr_shade_calc.obj
e:\rtcwquest\src\renderer\release\tr_shade.obj
e:\rtcwquest\src\renderer\release\tr_noise.obj
e:\rtcwquest\src\renderer\release\tr_model.obj
e:\rtcwquest\src\renderer\release\tr_mesh.obj
e:\rtcwquest\src\renderer\release\tr_marks.obj
e:\rtcwquest\src\renderer\release\tr_main.obj
e:\rtcwquest\src\renderer\release\tr_light.obj
e:\rtcwquest\src\renderer\release\tr_init.obj
e:\rtcwquest\src\renderer\release\tr_image.obj
e:\rtcwquest\src\renderer\release\tr_font.obj
e:\rtcwquest\src\renderer\release\tr_flares.obj
e:\rtcwquest\src\renderer\release\tr_curve.obj
e:\rtcwquest\src\renderer\release\tr_cmesh.obj
e:\rtcwquest\src\renderer\release\tr_cmds.obj
e:\rtcwquest\src\renderer\release\tr_bsp.obj
e:\rtcwquest\src\renderer\release\tr_backend.obj
e:\rtcwquest\src\renderer\release\tr_animation.obj
e:\rtcwquest\src\renderer\release\jcprepct.obj
e:\rtcwquest\src\renderer\release\jcphuff.obj
e:\rtcwquest\src\renderer\release\jcparam.obj
e:\rtcwquest\src\renderer\release\jcomapi.obj
e:\rtcwquest\src\renderer\release\jcmaster.obj
e:\rtcwquest\src\renderer\release\jcmarker.obj
e:\rtcwquest\src\renderer\release\jcmainct.obj
e:\rtcwquest\src\renderer\release\jcinit.obj
e:\rtcwquest\src\renderer\release\jchuff.obj
e:\rtcwquest\src\renderer\release\jcdctmgr.obj
e:\rtcwquest\src\renderer\release\jccolor.obj
e:\rtcwquest\src\renderer\release\jccoefct.obj
e:\rtcwquest\src\renderer\release\jcapimin.obj
e:\rtcwquest\src\renderer\release\win_qgl.obj
e:\rtcwquest\src\renderer\release\win_glimp.obj
e:\rtcwquest\src\renderer\release\win_gamma.obj
e:\rtcwquest\src\renderer\release\tr_world.obj
e:\rtcwquest\src\renderer\release\tr_surface.obj
e:\rtcwquest\src\renderer\release\tr_sky.obj
e:\rtcwquest\src\renderer\release\tr_shadows.obj
e:\rtcwquest\src\renderer\release\jidctflt.obj
e:\rtcwquest\src\renderer\release\jfdctflt.obj
e:\rtcwquest\src\renderer\release\jerror.obj
e:\rtcwquest\src\renderer\release\jdtrans.obj
e:\rtcwquest\src\renderer\release\jdsample.obj
e:\rtcwquest\src\renderer\release\jdpostct.obj
e:\rtcwquest\src\renderer\release\jdmaster.obj
e:\rtcwquest\src\renderer\release\jdmarker.obj
e:\rtcwquest\src\renderer\release\jdmainct.obj
e:\rtcwquest\src\renderer\release\jdinput.obj
e:\rtcwquest\src\renderer\release\jdhuff.obj
e:\rtcwquest\src\renderer\release\jddctmgr.obj
e:\rtcwquest\src\renderer\release\jdcolor.obj
e:\rtcwquest\src\renderer\release\jdcoefct.obj
e:\rtcwquest\src\renderer\release\jdatasrc.obj
e:\rtcwquest\src\renderer\release\jdatadst.obj
e:\rtcwquest\src\renderer\release\jdapistd.obj
e:\rtcwquest\src\renderer\release\jdapimin.obj
e:\rtcwquest\src\renderer\release\jctrans.obj
e:\rtcwquest\src\renderer\release\jcsample.obj
e:\rtcwquest\src\renderer\release\ftoutln.obj
e:\rtcwquest\src\renderer\release\ftobjs.obj
e:\rtcwquest\src\renderer\release\ftnames.obj
e:\rtcwquest\src\renderer\release\ftmm.obj
e:\rtcwquest\src\renderer\release\ftlist.obj
e:\rtcwquest\src\renderer\release\ftinit.obj
e:\rtcwquest\src\renderer\release\ftgrays.obj
e:\rtcwquest\src\renderer\release\ftglyph.obj
e:\rtcwquest\src\renderer\release\ftextend.obj
e:\rtcwquest\src\renderer\release\ftdebug.obj
e:\rtcwquest\src\renderer\release\ftcalc.obj
e:\rtcwquest\src\renderer\release\ahoptim.obj
e:\rtcwquest\src\renderer\release\ahmodule.obj
e:\rtcwquest\src\renderer\release\ahhint.obj
e:\rtcwquest\src\renderer\release\ahglyph.obj
e:\rtcwquest\src\renderer\release\ahglobal.obj
e:\rtcwquest\src\renderer\release\ahangles.obj
e:\rtcwquest\src\renderer\release\jutils.obj
e:\rtcwquest\src\renderer\release\jmemnobs.obj
e:\rtcwquest\src\renderer\release\jmemmgr.obj
e:\rtcwquest\src\renderer\release\ttsbit.obj
e:\rtcwquest\src\renderer\release\ttpost.obj
e:\rtcwquest\src\renderer\release\ttpload.obj
e:\rtcwquest\src\renderer\release\ttobjs.obj
e:\rtcwquest\src\renderer\release\ttload.obj
e:\rtcwquest\src\renderer\release\ttinterp.obj
e:\rtcwquest\src\renderer\release\ttgload.obj
e:\rtcwquest\src\renderer\release\ttdriver.obj
e:\rtcwquest\src\renderer\release\ttcmap.obj
e:\rtcwquest\src\renderer\release\sfobjs.obj
e:\rtcwquest\src\renderer\release\sfdriver.obj
e:\rtcwquest\src\renderer\release\ftsystem.obj
e:\rtcwquest\src\renderer\release\ftstream.obj
e:\rtcwquest\src\renderer\release\ftsmooth.obj
e:\rtcwquest\src\renderer\release\ftrend1.obj
e:\rtcwquest\src\renderer\release\ftraster.obj
c:\unity\rtcw-pcvr\src\renderer\release\renderer.pdb
c:\unity\rtcw-pcvr\src\renderer\release\tr_shader.obj
c:\unity\rtcw-pcvr\src\renderer\release\tr_shade_calc.obj
c:\unity\rtcw-pcvr\src\renderer\release\tr_shade.obj
c:\unity\rtcw-pcvr\src\renderer\release\tr_noise.obj
c:\unity\rtcw-pcvr\src\renderer\release\tr_model.obj
c:\unity\rtcw-pcvr\src\renderer\release\tr_mesh.obj
c:\unity\rtcw-pcvr\src\renderer\release\tr_marks.obj
c:\unity\rtcw-pcvr\src\renderer\release\tr_main.obj
c:\unity\rtcw-pcvr\src\renderer\release\tr_light.obj
c:\unity\rtcw-pcvr\src\renderer\release\tr_init.obj
c:\unity\rtcw-pcvr\src\renderer\release\tr_image.obj
c:\unity\rtcw-pcvr\src\renderer\release\tr_font.obj
c:\unity\rtcw-pcvr\src\renderer\release\tr_flares.obj
c:\unity\rtcw-pcvr\src\renderer\release\tr_curve.obj
c:\unity\rtcw-pcvr\src\renderer\release\tr_cmesh.obj
c:\unity\rtcw-pcvr\src\renderer\release\tr_cmds.obj
c:\unity\rtcw-pcvr\src\renderer\release\tr_bsp.obj
c:\unity\rtcw-pcvr\src\renderer\release\tr_animation.obj
c:\unity\rtcw-pcvr\src\renderer\release\jcprepct.obj
c:\unity\rtcw-pcvr\src\renderer\release\jcphuff.obj
c:\unity\rtcw-pcvr\src\renderer\release\jcparam.obj
c:\unity\rtcw-pcvr\src\renderer\release\jcomapi.obj
c:\unity\rtcw-pcvr\src\renderer\release\jcmaster.obj
c:\unity\rtcw-pcvr\src\renderer\release\jcmarker.obj
c:\unity\rtcw-pcvr\src\renderer\release\jcmainct.obj
c:\unity\rtcw-pcvr\src\renderer\release\jcinit.obj
c:\unity\rtcw-pcvr\src\renderer\release\jchuff.obj
c:\unity\rtcw-pcvr\src\renderer\release\jcdctmgr.obj
c:\unity\rtcw-pcvr\src\renderer\release\jccolor.obj
c:\unity\rtcw-pcvr\src\renderer\release\jccoefct.obj
c:\unity\rtcw-pcvr\src\renderer\release\jcapimin.obj
c:\unity\rtcw-pcvr\src\renderer\release\win_qgl.obj
c:\unity\rtcw-pcvr\src\renderer\release\win_glimp.obj
c:\unity\rtcw-pcvr\src\renderer\release\win_gamma.obj
c:\unity\rtcw-pcvr\src\renderer\release\tr_world.obj
c:\unity\rtcw-pcvr\src\renderer\release\tr_surface.obj
c:\unity\rtcw-pcvr\src\renderer\release\tr_sky.obj
c:\unity\rtcw-pcvr\src\renderer\release\tr_shadows.obj
c:\unity\rtcw-pcvr\src\renderer\release\jidctflt.obj
c:\unity\rtcw-pcvr\src\renderer\release\jfdctflt.obj
c:\unity\rtcw-pcvr\src\renderer\release\jerror.obj
c:\unity\rtcw-pcvr\src\renderer\release\jdtrans.obj
c:\unity\rtcw-pcvr\src\renderer\release\jdsample.obj
c:\unity\rtcw-pcvr\src\renderer\release\jdpostct.obj
c:\unity\rtcw-pcvr\src\renderer\release\jdmaster.obj
c:\unity\rtcw-pcvr\src\renderer\release\jdmarker.obj
c:\unity\rtcw-pcvr\src\renderer\release\jdmainct.obj
c:\unity\rtcw-pcvr\src\renderer\release\jdinput.obj
c:\unity\rtcw-pcvr\src\renderer\release\jdhuff.obj
c:\unity\rtcw-pcvr\src\renderer\release\jddctmgr.obj
c:\unity\rtcw-pcvr\src\renderer\release\jdcolor.obj
c:\unity\rtcw-pcvr\src\renderer\release\jdcoefct.obj
c:\unity\rtcw-pcvr\src\renderer\release\jdatasrc.obj
c:\unity\rtcw-pcvr\src\renderer\release\jdatadst.obj
c:\unity\rtcw-pcvr\src\renderer\release\jdapistd.obj
c:\unity\rtcw-pcvr\src\renderer\release\jdapimin.obj
c:\unity\rtcw-pcvr\src\renderer\release\jctrans.obj
c:\unity\rtcw-pcvr\src\renderer\release\jcsample.obj
c:\unity\rtcw-pcvr\src\renderer\release\ftoutln.obj
c:\unity\rtcw-pcvr\src\renderer\release\ftobjs.obj
c:\unity\rtcw-pcvr\src\renderer\release\ftnames.obj
c:\unity\rtcw-pcvr\src\renderer\release\ftmm.obj
c:\unity\rtcw-pcvr\src\renderer\release\ftlist.obj
c:\unity\rtcw-pcvr\src\renderer\release\ftinit.obj
c:\unity\rtcw-pcvr\src\renderer\release\ftgrays.obj
c:\unity\rtcw-pcvr\src\renderer\release\ftglyph.obj
c:\unity\rtcw-pcvr\src\renderer\release\ftextend.obj
c:\unity\rtcw-pcvr\src\renderer\release\ftdebug.obj
c:\unity\rtcw-pcvr\src\renderer\release\ftcalc.obj
c:\unity\rtcw-pcvr\src\renderer\release\ahoptim.obj
c:\unity\rtcw-pcvr\src\renderer\release\ahmodule.obj
c:\unity\rtcw-pcvr\src\renderer\release\ahhint.obj
c:\unity\rtcw-pcvr\src\renderer\release\ahglyph.obj
c:\unity\rtcw-pcvr\src\renderer\release\ahglobal.obj
c:\unity\rtcw-pcvr\src\renderer\release\ahangles.obj
c:\unity\rtcw-pcvr\src\renderer\release\jutils.obj
c:\unity\rtcw-pcvr\src\renderer\release\jmemnobs.obj
c:\unity\rtcw-pcvr\src\renderer\release\jmemmgr.obj
c:\unity\rtcw-pcvr\src\renderer\release\ttsbit.obj
c:\unity\rtcw-pcvr\src\renderer\release\ttpost.obj
c:\unity\rtcw-pcvr\src\renderer\release\ttpload.obj
c:\unity\rtcw-pcvr\src\renderer\release\ttobjs.obj
c:\unity\rtcw-pcvr\src\renderer\release\ttload.obj
c:\unity\rtcw-pcvr\src\renderer\release\ttinterp.obj
c:\unity\rtcw-pcvr\src\renderer\release\ttgload.obj
c:\unity\rtcw-pcvr\src\renderer\release\ttdriver.obj
c:\unity\rtcw-pcvr\src\renderer\release\ttcmap.obj
c:\unity\rtcw-pcvr\src\renderer\release\sfobjs.obj
c:\unity\rtcw-pcvr\src\renderer\release\sfdriver.obj
c:\unity\rtcw-pcvr\src\renderer\release\ftsystem.obj
c:\unity\rtcw-pcvr\src\renderer\release\ftstream.obj
c:\unity\rtcw-pcvr\src\renderer\release\ftsmooth.obj
c:\unity\rtcw-pcvr\src\renderer\release\ftrend1.obj
c:\unity\rtcw-pcvr\src\renderer\release\ftraster.obj
c:\unity\rtcw-pcvr\src\renderer\release\tr_backend.obj
e:\rtcw-sp-master\src\renderer\release\renderer.lib
c:\unity\rtcw-pcvr\src\renderer\.\release\renderer.lib
c:\unity\rtcw-pcvr\src\renderer\release\renderer.tlog\cl.command.1.tlog
c:\unity\rtcw-pcvr\src\renderer\release\renderer.tlog\cl.read.1.tlog
c:\unity\rtcw-pcvr\src\renderer\release\renderer.tlog\cl.write.1.tlog
c:\unity\rtcw-pcvr\src\renderer\release\renderer.tlog\lib-link.read.1.tlog
c:\unity\rtcw-pcvr\src\renderer\release\renderer.tlog\lib-link.write.1.tlog
c:\unity\rtcw-pcvr\src\renderer\release\renderer.tlog\lib.command.1.tlog
