  be_aas_bspq3.c
  be_aas_cluster.c
  be_aas_debug.c
  be_aas_entity.c
  be_aas_file.c
  be_aas_main.c
  be_aas_move.c
  be_aas_optimize.c
  be_aas_reach.c
  be_aas_route.c
  be_aas_routealt.c
  be_aas_routetable.c
C:\Unity\RTCW-PCVR\src\botlib\be_aas_routetable.c(172,28): warning C4245: '=': conversion from 'int' to 'unsigned short', signed/unsigned mismatch
C:\Unity\RTCW-PCVR\src\botlib\be_aas_routetable.c(322,25): warning C4459: declaration of 'routetable' hides global declaration
C:\Unity\RTCW-PCVR\src\botlib\be_aas_routetable.c(147,27): message : see declaration of 'routetable'
C:\Unity\RTCW-PCVR\src\botlib\be_aas_routetable.c(832,25): warning C4456: declaration of 'child' hides previous local declaration
C:\Unity\RTCW-PCVR\src\botlib\be_aas_routetable.c(497,31): message : see declaration of 'child'
  be_aas_sample.c
  be_ai_char.c
C:\Unity\RTCW-PCVR\src\botlib\be_ai_char.c(240,37): warning C4389: '==': signed/unsigned mismatch
  be_ai_chat.c
  be_ai_gen.c
  be_ai_goal.c
  be_ai_move.c
  be_ai_weap.c
  be_ai_weight.c
  Generating Code...
C:\Unity\RTCW-PCVR\src\botlib\be_aas_routetable.c(1082): warning C4706: assignment within conditional expression
C:\Unity\RTCW-PCVR\src\botlib\be_aas_routetable.c(969): warning C4706: assignment within conditional expression
  Compiling...
  be_ea.c
  be_interface.c
  l_crc.c
  l_libvar.c
  l_log.c
  l_memory.c
  l_precomp.c
C:\Unity\RTCW-PCVR\src\botlib\l_precomp.c(725,23): warning C4133: 'function': incompatible types - from 'unsigned long *' to 'const time_t *const '
C:\Unity\RTCW-PCVR\src\botlib\l_precomp.c(740,23): warning C4133: 'function': incompatible types - from 'unsigned long *' to 'const time_t *const '
  l_script.c
  l_struct.c
  Generating Code...
  botlib.vcxproj -> C:\Unity\RTCW-PCVR\src\botlib\.\Release\botlib.lib
