e:\rtcw-sp-master\src\game\release\vc141.pdb
e:\rtcw-sp-master\src\game\release\bg_animation.obj
e:\rtcw-sp-master\src\game\release\ai_cast_think.obj
e:\rtcw-sp-master\src\game\release\ai_cast_sight.obj
e:\rtcw-sp-master\src\game\release\ai_cast_script_ents.obj
e:\rtcw-sp-master\src\game\release\ai_cast_script_actions.obj
e:\rtcw-sp-master\src\game\release\ai_cast_script.obj
e:\rtcw-sp-master\src\game\release\ai_cast_funcs.obj
e:\rtcw-sp-master\src\game\release\ai_cast_func_boss1.obj
e:\rtcw-sp-master\src\game\release\ai_cast_func_attack.obj
e:\rtcw-sp-master\src\game\release\ai_cast_fight.obj
e:\rtcw-sp-master\src\game\release\ai_cast_events.obj
e:\rtcw-sp-master\src\game\release\ai_cast_debug.obj
e:\rtcw-sp-master\src\game\release\ai_cast_characters.obj
e:\rtcw-sp-master\src\game\release\ai_cast.obj
e:\rtcw-sp-master\src\game\release\ai_team.obj
e:\rtcw-sp-master\src\game\release\ai_main.obj
e:\rtcw-sp-master\src\game\release\ai_dmq3.obj
e:\rtcw-sp-master\src\game\release\ai_dmnet.obj
e:\rtcw-sp-master\src\game\release\ai_cmd.obj
e:\rtcw-sp-master\src\game\release\ai_chat.obj
e:\rtcw-sp-master\src\game\release\g_session.obj
e:\rtcw-sp-master\src\game\release\g_script_actions.obj
e:\rtcw-sp-master\src\game\release\g_script.obj
e:\rtcw-sp-master\src\game\release\g_save.obj
e:\rtcw-sp-master\src\game\release\g_props.obj
e:\rtcw-sp-master\src\game\release\g_mover.obj
e:\rtcw-sp-master\src\game\release\g_missile.obj
e:\rtcw-sp-master\src\game\release\g_misc.obj
e:\rtcw-sp-master\src\game\release\g_mem.obj
e:\rtcw-sp-master\src\game\release\g_main.obj
e:\rtcw-sp-master\src\game\release\g_items.obj
e:\rtcw-sp-master\src\game\release\g_combat.obj
e:\rtcw-sp-master\src\game\release\g_cmds.obj
e:\rtcw-sp-master\src\game\release\g_client.obj
e:\rtcw-sp-master\src\game\release\g_bot.obj
e:\rtcw-sp-master\src\game\release\g_alarm.obj
e:\rtcw-sp-master\src\game\release\g_active.obj
e:\rtcw-sp-master\src\game\release\bg_slidemove.obj
e:\rtcw-sp-master\src\game\release\bg_pmove.obj
e:\rtcw-sp-master\src\game\release\bg_misc.obj
e:\rtcw-sp-master\src\game\release\q_shared.obj
e:\rtcw-sp-master\src\game\release\q_math.obj
e:\rtcw-sp-master\src\game\release\g_weapon.obj
e:\rtcw-sp-master\src\game\release\g_utils.obj
e:\rtcw-sp-master\src\game\release\g_trigger.obj
e:\rtcw-sp-master\src\game\release\g_tramcar.obj
e:\rtcw-sp-master\src\game\release\g_team.obj
e:\rtcw-sp-master\src\game\release\g_target.obj
e:\rtcw-sp-master\src\game\release\g_syscalls.obj
e:\rtcw-sp-master\src\game\release\g_svcmds.obj
e:\rtcw-sp-master\src\game\release\g_spawn.obj
e:\rtcwquest\src\game\release\vc141.pdb
e:\rtcwquest\src\game\release\bg_animation.obj
e:\rtcwquest\src\game\release\ai_team.obj
e:\rtcwquest\src\game\release\ai_main.obj
e:\rtcwquest\src\game\release\ai_dmq3.obj
e:\rtcwquest\src\game\release\ai_dmnet.obj
e:\rtcwquest\src\game\release\ai_cmd.obj
e:\rtcwquest\src\game\release\ai_chat.obj
e:\rtcwquest\src\game\release\ai_cast_think.obj
e:\rtcwquest\src\game\release\ai_cast_sight.obj
e:\rtcwquest\src\game\release\ai_cast_script_ents.obj
e:\rtcwquest\src\game\release\ai_cast_script_actions.obj
e:\rtcwquest\src\game\release\ai_cast_script.obj
e:\rtcwquest\src\game\release\ai_cast_funcs.obj
e:\rtcwquest\src\game\release\ai_cast_func_boss1.obj
e:\rtcwquest\src\game\release\ai_cast_func_attack.obj
e:\rtcwquest\src\game\release\ai_cast_fight.obj
e:\rtcwquest\src\game\release\ai_cast_events.obj
e:\rtcwquest\src\game\release\ai_cast_debug.obj
e:\rtcwquest\src\game\release\ai_cast_characters.obj
e:\rtcwquest\src\game\release\ai_cast.obj
e:\rtcwquest\src\game\release\g_session.obj
e:\rtcwquest\src\game\release\g_script_actions.obj
e:\rtcwquest\src\game\release\g_script.obj
e:\rtcwquest\src\game\release\g_save.obj
e:\rtcwquest\src\game\release\g_props.obj
e:\rtcwquest\src\game\release\g_mover.obj
e:\rtcwquest\src\game\release\g_missile.obj
e:\rtcwquest\src\game\release\g_misc.obj
e:\rtcwquest\src\game\release\g_mem.obj
e:\rtcwquest\src\game\release\g_main.obj
e:\rtcwquest\src\game\release\g_items.obj
e:\rtcwquest\src\game\release\g_combat.obj
e:\rtcwquest\src\game\release\g_cmds.obj
e:\rtcwquest\src\game\release\g_client.obj
e:\rtcwquest\src\game\release\g_bot.obj
e:\rtcwquest\src\game\release\g_alarm.obj
e:\rtcwquest\src\game\release\g_active.obj
e:\rtcwquest\src\game\release\bg_slidemove.obj
e:\rtcwquest\src\game\release\bg_pmove.obj
e:\rtcwquest\src\game\release\bg_misc.obj
e:\rtcwquest\src\game\release\q_shared.obj
e:\rtcwquest\src\game\release\q_math.obj
e:\rtcwquest\src\game\release\g_weapon.obj
e:\rtcwquest\src\game\release\g_utils.obj
e:\rtcwquest\src\game\release\g_trigger.obj
e:\rtcwquest\src\game\release\g_tramcar.obj
e:\rtcwquest\src\game\release\g_team.obj
e:\rtcwquest\src\game\release\g_target.obj
e:\rtcwquest\src\game\release\g_syscalls.obj
e:\rtcwquest\src\game\release\g_svcmds.obj
e:\rtcwquest\src\game\release\g_spawn.obj
c:\unity\rtcw-pcvr\src\game\release\vc142.pdb
c:\unity\rtcw-pcvr\src\game\release\bg_animation.obj
c:\unity\rtcw-pcvr\src\game\release\ai_team.obj
c:\unity\rtcw-pcvr\src\game\release\ai_main.obj
c:\unity\rtcw-pcvr\src\game\release\ai_dmq3.obj
c:\unity\rtcw-pcvr\src\game\release\ai_dmnet.obj
c:\unity\rtcw-pcvr\src\game\release\ai_cmd.obj
c:\unity\rtcw-pcvr\src\game\release\ai_chat.obj
c:\unity\rtcw-pcvr\src\game\release\ai_cast_think.obj
c:\unity\rtcw-pcvr\src\game\release\ai_cast_sight.obj
c:\unity\rtcw-pcvr\src\game\release\ai_cast_script_ents.obj
c:\unity\rtcw-pcvr\src\game\release\ai_cast_script_actions.obj
c:\unity\rtcw-pcvr\src\game\release\ai_cast_script.obj
c:\unity\rtcw-pcvr\src\game\release\ai_cast_funcs.obj
c:\unity\rtcw-pcvr\src\game\release\ai_cast_func_boss1.obj
c:\unity\rtcw-pcvr\src\game\release\ai_cast_func_attack.obj
c:\unity\rtcw-pcvr\src\game\release\ai_cast_fight.obj
c:\unity\rtcw-pcvr\src\game\release\ai_cast_events.obj
c:\unity\rtcw-pcvr\src\game\release\ai_cast_debug.obj
c:\unity\rtcw-pcvr\src\game\release\ai_cast_characters.obj
c:\unity\rtcw-pcvr\src\game\release\ai_cast.obj
c:\unity\rtcw-pcvr\src\game\release\g_session.obj
c:\unity\rtcw-pcvr\src\game\release\g_script_actions.obj
c:\unity\rtcw-pcvr\src\game\release\g_script.obj
c:\unity\rtcw-pcvr\src\game\release\g_save.obj
c:\unity\rtcw-pcvr\src\game\release\g_props.obj
c:\unity\rtcw-pcvr\src\game\release\g_mover.obj
c:\unity\rtcw-pcvr\src\game\release\g_missile.obj
c:\unity\rtcw-pcvr\src\game\release\g_mem.obj
c:\unity\rtcw-pcvr\src\game\release\g_items.obj
c:\unity\rtcw-pcvr\src\game\release\g_combat.obj
c:\unity\rtcw-pcvr\src\game\release\g_cmds.obj
c:\unity\rtcw-pcvr\src\game\release\g_client.obj
c:\unity\rtcw-pcvr\src\game\release\g_bot.obj
c:\unity\rtcw-pcvr\src\game\release\g_alarm.obj
c:\unity\rtcw-pcvr\src\game\release\bg_slidemove.obj
c:\unity\rtcw-pcvr\src\game\release\bg_misc.obj
c:\unity\rtcw-pcvr\src\game\release\q_shared.obj
c:\unity\rtcw-pcvr\src\game\release\q_math.obj
c:\unity\rtcw-pcvr\src\game\release\g_utils.obj
c:\unity\rtcw-pcvr\src\game\release\g_trigger.obj
c:\unity\rtcw-pcvr\src\game\release\g_tramcar.obj
c:\unity\rtcw-pcvr\src\game\release\g_team.obj
c:\unity\rtcw-pcvr\src\game\release\g_target.obj
c:\unity\rtcw-pcvr\src\game\release\g_syscalls.obj
c:\unity\rtcw-pcvr\src\game\release\g_svcmds.obj
c:\unity\rtcw-pcvr\src\game\release\g_spawn.obj
c:\unity\rtcw-pcvr\src\game\release\g_main.obj
c:\unity\rtcw-pcvr\src\game\release\g_active.obj
c:\unity\rtcw-pcvr\src\game\release\g_weapon.obj
c:\unity\rtcw-pcvr\src\game\release\g_misc.obj
c:\unity\rtcw-pcvr\src\game\release\bg_pmove.obj
e:\rtcw-sp-master\src\game\release\qagamex86.lib
e:\rtcw-sp-master\src\game\release\qagamex86.exp
c:\unity\rtcw-pcvr\src\game\release\qagamex86.exp
c:\unity\rtcw-pcvr\src\game\release\qagamex86.pdb
c:\unity\rtcw-pcvr\src\game\release\vc141.pdb
c:\unity\rtcw-pcvr\src\game\release\game.tlog\cl.command.1.tlog
c:\unity\rtcw-pcvr\src\game\release\game.tlog\cl.read.1.tlog
c:\unity\rtcw-pcvr\src\game\release\game.tlog\cl.write.1.tlog
c:\unity\rtcw-pcvr\src\game\release\game.tlog\game.write.1u.tlog
c:\unity\rtcw-pcvr\src\game\release\game.tlog\link-cvtres.read.1.tlog
c:\unity\rtcw-pcvr\src\game\release\game.tlog\link-cvtres.write.1.tlog
c:\unity\rtcw-pcvr\src\game\release\game.tlog\link-rc.read.1.tlog
c:\unity\rtcw-pcvr\src\game\release\game.tlog\link-rc.write.1.tlog
c:\unity\rtcw-pcvr\src\game\release\game.tlog\link.command.1.tlog
c:\unity\rtcw-pcvr\src\game\release\game.tlog\link.delete.1.tlog
c:\unity\rtcw-pcvr\src\game\release\game.tlog\link.read.1.tlog
c:\unity\rtcw-pcvr\src\game\release\game.tlog\link.write.1.tlog
