  ai_cast.c
  ai_cast_characters.c
  ai_cast_debug.c
  ai_cast_events.c
  ai_cast_fight.c
  ai_cast_func_attack.c
  ai_cast_func_boss1.c
C:\Unity\RTCW-PCVR\src\game\ai_cast_func_boss1.c(829,11): warning C4456: Deklaration von "rnd" blendet vorherige lokale Deklaration aus
C:\Unity\RTCW-PCVR\src\game\ai_cast_func_boss1.c(803,6): message : Siehe Deklaration von "rnd"
  ai_cast_funcs.c
C:\Unity\RTCW-PCVR\src\game\ai_cast_funcs.c(842,17): warning C4459: Deklaration von "numEnemies" blendet globale Deklaration aus
C:\Unity\RTCW-PCVR\src\game\ai_cast_funcs.c(67,34): message : Siehe Deklaration von "numEnemies"
C:\Unity\RTCW-PCVR\src\game\ai_cast_funcs.c(1068,17): warning C4459: Deklaration von "numEnemies" blendet globale Deklaration aus
C:\Unity\RTCW-PCVR\src\game\ai_cast_funcs.c(67,34): message : Siehe Deklaration von "numEnemies"
C:\Unity\RTCW-PCVR\src\game\ai_cast_funcs.c(1325,17): warning C4459: Deklaration von "numEnemies" blendet globale Deklaration aus
C:\Unity\RTCW-PCVR\src\game\ai_cast_funcs.c(67,34): message : Siehe Deklaration von "numEnemies"
C:\Unity\RTCW-PCVR\src\game\ai_cast_funcs.c(1493,13): warning C4456: Deklaration von "dir" blendet vorherige lokale Deklaration aus
C:\Unity\RTCW-PCVR\src\game\ai_cast_funcs.c(1440,9): message : Siehe Deklaration von "dir"
C:\Unity\RTCW-PCVR\src\game\ai_cast_funcs.c(1761,17): warning C4459: Deklaration von "numEnemies" blendet globale Deklaration aus
C:\Unity\RTCW-PCVR\src\game\ai_cast_funcs.c(67,34): message : Siehe Deklaration von "numEnemies"
C:\Unity\RTCW-PCVR\src\game\ai_cast_funcs.c(2179,17): warning C4459: Deklaration von "numEnemies" blendet globale Deklaration aus
C:\Unity\RTCW-PCVR\src\game\ai_cast_funcs.c(67,34): message : Siehe Deklaration von "numEnemies"
C:\Unity\RTCW-PCVR\src\game\ai_cast_funcs.c(2324,26): warning C4459: Deklaration von "enemies" blendet globale Deklaration aus
C:\Unity\RTCW-PCVR\src\game\ai_cast_funcs.c(67,12): message : Siehe Deklaration von "enemies"
C:\Unity\RTCW-PCVR\src\game\ai_cast_funcs.c(2324,38): warning C4459: Deklaration von "numEnemies" blendet globale Deklaration aus
C:\Unity\RTCW-PCVR\src\game\ai_cast_funcs.c(67,34): message : Siehe Deklaration von "numEnemies"
C:\Unity\RTCW-PCVR\src\game\ai_cast_funcs.c(3116,26): warning C4459: Deklaration von "enemies" blendet globale Deklaration aus
C:\Unity\RTCW-PCVR\src\game\ai_cast_funcs.c(67,12): message : Siehe Deklaration von "enemies"
C:\Unity\RTCW-PCVR\src\game\ai_cast_funcs.c(3116,38): warning C4459: Deklaration von "numEnemies" blendet globale Deklaration aus
C:\Unity\RTCW-PCVR\src\game\ai_cast_funcs.c(67,34): message : Siehe Deklaration von "numEnemies"
C:\Unity\RTCW-PCVR\src\game\ai_cast_funcs.c(3176,15): warning C4456: Deklaration von "vec" blendet vorherige lokale Deklaration aus
C:\Unity\RTCW-PCVR\src\game\ai_cast_funcs.c(3114,18): message : Siehe Deklaration von "vec"
C:\Unity\RTCW-PCVR\src\game\ai_cast_funcs.c(3328,26): warning C4459: Deklaration von "enemies" blendet globale Deklaration aus
C:\Unity\RTCW-PCVR\src\game\ai_cast_funcs.c(67,12): message : Siehe Deklaration von "enemies"
C:\Unity\RTCW-PCVR\src\game\ai_cast_funcs.c(3328,38): warning C4459: Deklaration von "numEnemies" blendet globale Deklaration aus
C:\Unity\RTCW-PCVR\src\game\ai_cast_funcs.c(67,34): message : Siehe Deklaration von "numEnemies"
C:\Unity\RTCW-PCVR\src\game\ai_cast_funcs.c(3596,13): warning C4456: Deklaration von "vec" blendet vorherige lokale Deklaration aus
C:\Unity\RTCW-PCVR\src\game\ai_cast_funcs.c(3326,18): message : Siehe Deklaration von "vec"
C:\Unity\RTCW-PCVR\src\game\ai_cast_funcs.c(3597,13): warning C4456: Deklaration von "dist" blendet vorherige lokale Deklaration aus
C:\Unity\RTCW-PCVR\src\game\ai_cast_funcs.c(3327,8): message : Siehe Deklaration von "dist"
C:\Unity\RTCW-PCVR\src\game\ai_cast_funcs.c(3888,14): warning C4456: Deklaration von "dir" blendet vorherige lokale Deklaration aus
C:\Unity\RTCW-PCVR\src\game\ai_cast_funcs.c(3691,9): message : Siehe Deklaration von "dir"
C:\Unity\RTCW-PCVR\src\game\ai_cast_funcs.c(4353,26): warning C4459: Deklaration von "enemies" blendet globale Deklaration aus
C:\Unity\RTCW-PCVR\src\game\ai_cast_funcs.c(67,12): message : Siehe Deklaration von "enemies"
C:\Unity\RTCW-PCVR\src\game\ai_cast_funcs.c(4353,38): warning C4459: Deklaration von "numEnemies" blendet globale Deklaration aus
C:\Unity\RTCW-PCVR\src\game\ai_cast_funcs.c(67,34): message : Siehe Deklaration von "numEnemies"
C:\Unity\RTCW-PCVR\src\game\ai_cast_funcs.c(4629,13): warning C4456: Deklaration von "vec" blendet vorherige lokale Deklaration aus
C:\Unity\RTCW-PCVR\src\game\ai_cast_funcs.c(4351,18): message : Siehe Deklaration von "vec"
C:\Unity\RTCW-PCVR\src\game\ai_cast_funcs.c(4629,18): warning C4456: Deklaration von "dir" blendet vorherige lokale Deklaration aus
C:\Unity\RTCW-PCVR\src\game\ai_cast_funcs.c(4360,9): message : Siehe Deklaration von "dir"
C:\Unity\RTCW-PCVR\src\game\ai_cast_funcs.c(4713,29): warning C4459: Deklaration von "moveresult" blendet globale Deklaration aus
C:\Unity\RTCW-PCVR\src\game\ai_cast_funcs.c(78,26): message : Siehe Deklaration von "moveresult"
  ai_cast_script.c
  ai_cast_script_actions.c
  ai_cast_script_ents.c
  ai_cast_sight.c
  ai_cast_think.c
  ai_chat.c
  ai_cmd.c
  ai_dmnet.c
  ai_dmq3.c
  ai_main.c
  ai_team.c
  bg_animation.c
  Kompilieren...
  Code wird generiert...
C:\Unity\RTCW-PCVR\src\game\ai_cast.c(197): warning C4706: Zuweisung in bedingtem Ausdruck
C:\Unity\RTCW-PCVR\src\game\ai_cast.c(760): warning C4706: Zuweisung in bedingtem Ausdruck
C:\Unity\RTCW-PCVR\src\game\ai_cast.c(792): warning C4706: Zuweisung in bedingtem Ausdruck
C:\Unity\RTCW-PCVR\src\game\ai_cast_events.c(455): warning C4706: Zuweisung in bedingtem Ausdruck
C:\Unity\RTCW-PCVR\src\game\ai_cast_fight.c(2112): warning C4706: Zuweisung in bedingtem Ausdruck
C:\Unity\RTCW-PCVR\src\game\ai_cast_func_attack.c(418): warning C4706: Zuweisung in bedingtem Ausdruck
C:\Unity\RTCW-PCVR\src\game\ai_cast_func_attack.c(310): warning C4706: Zuweisung in bedingtem Ausdruck
C:\Unity\RTCW-PCVR\src\game\ai_cast_func_attack.c(1011): warning C4706: Zuweisung in bedingtem Ausdruck
C:\Unity\RTCW-PCVR\src\game\ai_cast_func_boss1.c(960): warning C4706: Zuweisung in bedingtem Ausdruck
C:\Unity\RTCW-PCVR\src\game\ai_cast_func_boss1.c(968): warning C4706: Zuweisung in bedingtem Ausdruck
C:\Unity\RTCW-PCVR\src\game\ai_cast_func_boss1.c(1002): warning C4706: Zuweisung in bedingtem Ausdruck
C:\Unity\RTCW-PCVR\src\game\ai_cast_func_boss1.c(1010): warning C4706: Zuweisung in bedingtem Ausdruck
C:\Unity\RTCW-PCVR\src\game\ai_cast_funcs.c(3847): warning C4706: Zuweisung in bedingtem Ausdruck
C:\Unity\RTCW-PCVR\src\game\ai_cast_funcs.c(3377): warning C4706: Zuweisung in bedingtem Ausdruck
C:\Unity\RTCW-PCVR\src\game\ai_cast_funcs.c(4576): warning C4706: Zuweisung in bedingtem Ausdruck
C:\Unity\RTCW-PCVR\src\game\ai_cast_funcs.c(498): warning C4706: Zuweisung in bedingtem Ausdruck
C:\Unity\RTCW-PCVR\src\game\ai_cast_funcs.c(1519): warning C4706: Zuweisung in bedingtem Ausdruck
C:\Unity\RTCW-PCVR\src\game\ai_cast_funcs.c(1770): warning C4706: Zuweisung in bedingtem Ausdruck
C:\Unity\RTCW-PCVR\src\game\ai_cast_funcs.c(2170): warning C4706: Zuweisung in bedingtem Ausdruck
C:\Unity\RTCW-PCVR\src\game\ai_cast_funcs.c(2192): warning C4706: Zuweisung in bedingtem Ausdruck
C:\Unity\RTCW-PCVR\src\game\ai_cast_funcs.c(2704): warning C4706: Zuweisung in bedingtem Ausdruck
C:\Unity\RTCW-PCVR\src\game\ai_cast_funcs.c(2767): warning C4706: Zuweisung in bedingtem Ausdruck
C:\Unity\RTCW-PCVR\src\game\ai_cast_funcs.c(4237): warning C4706: Zuweisung in bedingtem Ausdruck
C:\Unity\RTCW-PCVR\src\game\ai_cast_script.c(488): warning C4706: Zuweisung in bedingtem Ausdruck
C:\Unity\RTCW-PCVR\src\game\ai_cast_script.c(514): warning C4706: Zuweisung in bedingtem Ausdruck
C:\Unity\RTCW-PCVR\src\game\ai_cast_script.c(591): warning C4706: Zuweisung in bedingtem Ausdruck
C:\Unity\RTCW-PCVR\src\game\ai_cast_script_actions.c(193): warning C4706: Zuweisung in bedingtem Ausdruck
C:\Unity\RTCW-PCVR\src\game\ai_cast_think.c(76): warning C4706: Zuweisung in bedingtem Ausdruck
C:\Unity\RTCW-PCVR\src\game\ai_cast_think.c(1216): warning C4701: Die möglicherweise nicht initialisierte lokale Variable "pm" wurde verwendet.
C:\Unity\RTCW-PCVR\src\game\ai_cast_think.c(1339): warning C4701: Die möglicherweise nicht initialisierte lokale Variable "traveltime" wurde verwendet.
  Kompilieren...
  bg_misc.c
  bg_pmove.c
  bg_slidemove.c
  g_active.c
C:\Unity\RTCW-PCVR\src\game\g_active.c(1313,65): warning C4210: Nicht dem Standard entsprechende Erweiterung: Funktion gehört zum Gültigkeitsbereich der Datei
  g_alarm.c
  g_bot.c
  g_client.c
  g_cmds.c
C:\Unity\RTCW-PCVR\src\game\g_cmds.c(1967,17): warning C4457: Deklaration von "ent" blendet Funktionsparameter aus
C:\Unity\RTCW-PCVR\src\game\g_cmds.c(1955,36): message : Siehe Deklaration von "ent"
C:\Unity\RTCW-PCVR\src\game\g_cmds.c(2049,48): warning C4210: Nicht dem Standard entsprechende Erweiterung: Funktion gehört zum Gültigkeitsbereich der Datei
  g_combat.c
C:\Unity\RTCW-PCVR\src\game\g_combat.c(545,15): warning C4456: Deklaration von "i" blendet vorherige lokale Deklaration aus
C:\Unity\RTCW-PCVR\src\game\g_combat.c(343,6): message : Siehe Deklaration von "i"
  g_items.c
  g_main.c
C:\Unity\RTCW-PCVR\src\game\g_main.c(1404,59): warning C4459: Deklaration von "level" blendet globale Deklaration aus
C:\Unity\RTCW-PCVR\src\game\g_main.c(35,16): message : Siehe Deklaration von "level"
C:\Unity\RTCW-PCVR\src\game\g_main.c(2428,43): warning C4210: Nicht dem Standard entsprechende Erweiterung: Funktion gehört zum Gültigkeitsbereich der Datei
  g_mem.c
  g_misc.c
C:\Unity\RTCW-PCVR\src\game\g_misc.c(1604,16): warning C4459: Deklaration von "forward" blendet globale Deklaration aus
C:\Unity\RTCW-PCVR\src\game\g_misc.c(1577,15): message : Siehe Deklaration von "forward"
C:\Unity\RTCW-PCVR\src\game\g_misc.c(1883,16): warning C4459: Deklaration von "forward" blendet globale Deklaration aus
C:\Unity\RTCW-PCVR\src\game\g_misc.c(1577,15): message : Siehe Deklaration von "forward"
C:\Unity\RTCW-PCVR\src\game\g_misc.c(1883,23): warning C4459: Deklaration von "right" blendet globale Deklaration aus
C:\Unity\RTCW-PCVR\src\game\g_misc.c(1577,24): message : Siehe Deklaration von "right"
C:\Unity\RTCW-PCVR\src\game\g_misc.c(1883,27): warning C4459: Deklaration von "up" blendet globale Deklaration aus
C:\Unity\RTCW-PCVR\src\game\g_misc.c(1577,31): message : Siehe Deklaration von "up"
C:\Unity\RTCW-PCVR\src\game\g_misc.c(2665,25): warning C4459: Deklaration von "right" blendet globale Deklaration aus
C:\Unity\RTCW-PCVR\src\game\g_misc.c(1577,24): message : Siehe Deklaration von "right"
  g_missile.c
  g_mover.c
  g_props.c
  g_save.c
  g_script.c
  g_script_actions.c
  g_session.c
  Kompilieren...
  Code wird generiert...
C:\Unity\RTCW-PCVR\src\game\g_cmds.c(1263): warning C4706: Zuweisung in bedingtem Ausdruck
C:\Unity\RTCW-PCVR\src\game\g_mover.c(3224): warning C4706: Zuweisung in bedingtem Ausdruck
C:\Unity\RTCW-PCVR\src\game\g_save.c(487): warning C4706: Zuweisung in bedingtem Ausdruck
C:\Unity\RTCW-PCVR\src\game\g_script.c(372): warning C4706: Zuweisung in bedingtem Ausdruck
C:\Unity\RTCW-PCVR\src\game\g_script.c(390): warning C4706: Zuweisung in bedingtem Ausdruck
C:\Unity\RTCW-PCVR\src\game\g_script.c(461): warning C4706: Zuweisung in bedingtem Ausdruck
  Kompilieren...
  g_spawn.c
  g_svcmds.c
  g_syscalls.c
  g_target.c
  g_team.c
  g_tramcar.c
  g_trigger.c
  g_utils.c
  g_weapon.c
C:\Unity\RTCW-PCVR\src\game\g_weapon.c(961,6): warning C4013: "LOGI" undefiniert; Annahme: extern mit Rückgabetyp int
C:\Unity\RTCW-PCVR\src\game\g_weapon.c(965,21): warning C4459: Deklaration von "right" blendet globale Deklaration aus
C:\Unity\RTCW-PCVR\src\game\g_weapon.c(41,24): message : Siehe Deklaration von "right"
C:\Unity\RTCW-PCVR\src\game\g_weapon.c(1473,16): warning C4459: Deklaration von "forward" blendet globale Deklaration aus
C:\Unity\RTCW-PCVR\src\game\g_weapon.c(41,15): message : Siehe Deklaration von "forward"
C:\Unity\RTCW-PCVR\src\game\g_weapon.c(1473,23): warning C4459: Deklaration von "right" blendet globale Deklaration aus
C:\Unity\RTCW-PCVR\src\game\g_weapon.c(41,24): message : Siehe Deklaration von "right"
C:\Unity\RTCW-PCVR\src\game\g_weapon.c(1473,27): warning C4459: Deklaration von "up" blendet globale Deklaration aus
C:\Unity\RTCW-PCVR\src\game\g_weapon.c(41,31): message : Siehe Deklaration von "up"
C:\Unity\RTCW-PCVR\src\game\g_weapon.c(1687,16): warning C4459: Deklaration von "right" blendet globale Deklaration aus
C:\Unity\RTCW-PCVR\src\game\g_weapon.c(41,24): message : Siehe Deklaration von "right"
C:\Unity\RTCW-PCVR\src\game\g_weapon.c(1735,113): warning C4459: Deklaration von "forward" blendet globale Deklaration aus
C:\Unity\RTCW-PCVR\src\game\g_weapon.c(41,15): message : Siehe Deklaration von "forward"
C:\Unity\RTCW-PCVR\src\game\g_weapon.c(1735,113): warning C4459: Deklaration von "right" blendet globale Deklaration aus
C:\Unity\RTCW-PCVR\src\game\g_weapon.c(41,24): message : Siehe Deklaration von "right"
C:\Unity\RTCW-PCVR\src\game\g_weapon.c(1735,113): warning C4459: Deklaration von "up" blendet globale Deklaration aus
C:\Unity\RTCW-PCVR\src\game\g_weapon.c(41,31): message : Siehe Deklaration von "up"
C:\Unity\RTCW-PCVR\src\game\g_weapon.c(1795,112): warning C4459: Deklaration von "forward" blendet globale Deklaration aus
C:\Unity\RTCW-PCVR\src\game\g_weapon.c(41,15): message : Siehe Deklaration von "forward"
C:\Unity\RTCW-PCVR\src\game\g_weapon.c(1795,112): warning C4459: Deklaration von "right" blendet globale Deklaration aus
C:\Unity\RTCW-PCVR\src\game\g_weapon.c(41,24): message : Siehe Deklaration von "right"
C:\Unity\RTCW-PCVR\src\game\g_weapon.c(1795,112): warning C4459: Deklaration von "up" blendet globale Deklaration aus
C:\Unity\RTCW-PCVR\src\game\g_weapon.c(41,31): message : Siehe Deklaration von "up"
  q_math.c
  q_shared.c
  Kompilieren...
  Code wird generiert...
C:\Program Files (x86)\Microsoft Visual Studio\2019\Community\MSBuild\Microsoft\VC\v160\Microsoft.CppBuild.targets(1288,5): warning MSB8012: TargetPath(C:\Unity\RTCW-PCVR\src\game\.\Release\game.dll) entspricht nicht dem OutputFile-Eigenschaftswert (C:\Unity\RTCW-PCVR\src\Release\qagamex86.dll) von Linker. Das Projekt wird daher möglicherweise nicht ordnungsgemäß erstellt. Damit dieses Problem behoben werden kann, müssen die Eigenschaftswerte für $(OutDir), $(TargetName) und $(TargetExt) dem in %(Link.OutputFile) angegebenen Wert entsprechen.
C:\Program Files (x86)\Microsoft Visual Studio\2019\Community\MSBuild\Microsoft\VC\v160\Microsoft.CppBuild.targets(1290,5): warning MSB8012: TargetName(game) entspricht nicht dem OutputFile-Eigenschaftswert (qagamex86) von Linker. Das Projekt wird daher möglicherweise nicht ordnungsgemäß erstellt. Damit dieses Problem behoben werden kann, müssen die Eigenschaftswerte für $(OutDir), $(TargetName) und $(TargetExt) dem in %(Link.OutputFile) angegebenen Wert entsprechen.
  Building game function table...
     Bibliothek ".\Release/qagamex86.lib" und Objekt ".\Release/qagamex86.exp" werden erstellt.
g_save.obj : error LNK2001: Nicht aufgelöstes externes Symbol "_SysMilliseconds".
g_weapon.obj : error LNK2019: Verweis auf nicht aufgelöstes externes Symbol "_LOGI" in Funktion "_Bullet_Fire".
..\Release\qagamex86.dll : fatal error LNK1120: 2 nicht aufgelöste Externe
