e:\rtcw-sp-master\src\ui\release\vc141.pdb
e:\rtcw-sp-master\src\ui\release\ui_util.obj
e:\rtcw-sp-master\src\ui\release\ui_syscalls.obj
e:\rtcw-sp-master\src\ui\release\ui_shared.obj
e:\rtcw-sp-master\src\ui\release\ui_players.obj
e:\rtcw-sp-master\src\ui\release\ui_main.obj
e:\rtcw-sp-master\src\ui\release\ui_gameinfo.obj
e:\rtcw-sp-master\src\ui\release\ui_atoms.obj
e:\rtcw-sp-master\src\ui\release\q_shared.obj
e:\rtcw-sp-master\src\ui\release\q_math.obj
e:\rtcw-sp-master\src\ui\release\bg_misc.obj
e:\rtcwquest\src\ui\release\vc141.pdb
e:\rtcwquest\src\ui\release\ui_util.obj
e:\rtcwquest\src\ui\release\ui_syscalls.obj
e:\rtcwquest\src\ui\release\ui_shared.obj
e:\rtcwquest\src\ui\release\ui_players.obj
e:\rtcwquest\src\ui\release\ui_main.obj
e:\rtcwquest\src\ui\release\ui_gameinfo.obj
e:\rtcwquest\src\ui\release\ui_atoms.obj
e:\rtcwquest\src\ui\release\q_shared.obj
e:\rtcwquest\src\ui\release\q_math.obj
e:\rtcwquest\src\ui\release\bg_misc.obj
c:\unity\rtcw-pcvr\src\ui\release\vc142.pdb
c:\unity\rtcw-pcvr\src\ui\release\ui_util.obj
c:\unity\rtcw-pcvr\src\ui\release\ui_syscalls.obj
c:\unity\rtcw-pcvr\src\ui\release\ui_shared.obj
c:\unity\rtcw-pcvr\src\ui\release\ui_players.obj
c:\unity\rtcw-pcvr\src\ui\release\ui_main.obj
c:\unity\rtcw-pcvr\src\ui\release\ui_gameinfo.obj
c:\unity\rtcw-pcvr\src\ui\release\ui_atoms.obj
c:\unity\rtcw-pcvr\src\ui\release\q_shared.obj
c:\unity\rtcw-pcvr\src\ui\release\q_math.obj
c:\unity\rtcw-pcvr\src\ui\release\bg_misc.obj
e:\rtcw-sp-master\src\ui\release\uix86.lib
e:\rtcw-sp-master\src\ui\release\uix86.exp
c:\unity\rtcw-pcvr\src\ui\release\uix86.exp
c:\unity\rtcw-pcvr\src\ui\release\uix86.pdb
c:\unity\rtcw-pcvr\src\ui\release\vc141.pdb
c:\unity\rtcw-pcvr\src\ui\release\ui.tlog\cl.command.1.tlog
c:\unity\rtcw-pcvr\src\ui\release\ui.tlog\cl.read.1.tlog
c:\unity\rtcw-pcvr\src\ui\release\ui.tlog\cl.write.1.tlog
c:\unity\rtcw-pcvr\src\ui\release\ui.tlog\link-cvtres.read.1.tlog
c:\unity\rtcw-pcvr\src\ui\release\ui.tlog\link-cvtres.write.1.tlog
c:\unity\rtcw-pcvr\src\ui\release\ui.tlog\link-rc.read.1.tlog
c:\unity\rtcw-pcvr\src\ui\release\ui.tlog\link-rc.write.1.tlog
c:\unity\rtcw-pcvr\src\ui\release\ui.tlog\link.command.1.tlog
c:\unity\rtcw-pcvr\src\ui\release\ui.tlog\link.delete.1.tlog
c:\unity\rtcw-pcvr\src\ui\release\ui.tlog\link.read.1.tlog
c:\unity\rtcw-pcvr\src\ui\release\ui.tlog\link.write.1.tlog
c:\unity\rtcw-pcvr\src\ui\release\ui.tlog\ui.write.1u.tlog
