  bg_animation.c
  bg_misc.c
  bg_pmove.c
  bg_slidemove.c
  cg_consolecmds.c
  cg_draw.c
  cg_drawtools.c
  cg_effects.c
C:\Unity\RTCW-PCVR\src\cgame\cg_effects.c(392,14): warning C4456: Deklaration von "vec" blendet vorherige lokale Deklaration aus
C:\Unity\RTCW-PCVR\src\cgame\cg_effects.c(367,46): message : Siehe Deklaration von "vec"
  cg_ents.c
C:\Unity\RTCW-PCVR\src\cgame\cg_ents.c(2013,17): warning C4456: Deklaration von "angles" blendet vorherige lokale Deklaration aus
C:\Unity\RTCW-PCVR\src\cgame\cg_ents.c(1994,10): message : Siehe Deklaration von "angles"
  cg_event.c
  cg_flamethrower.c
C:\Unity\RTCW-PCVR\src\cgame\cg_flamethrower.c(1335,15): warning C4456: Deklaration von "alpha" blendet vorherige lokale Deklaration aus
C:\Unity\RTCW-PCVR\src\cgame\cg_flamethrower.c(1092,8): message : Siehe Deklaration von "alpha"
C:\Unity\RTCW-PCVR\src\cgame\cg_flamethrower.c(1336,18): warning C4456: Deklaration von "skip" blendet vorherige lokale Deklaration aus
C:\Unity\RTCW-PCVR\src\cgame\cg_flamethrower.c(1105,11): message : Siehe Deklaration von "skip"
  cg_info.c
  cg_localents.c
  cg_main.c
C:\Unity\RTCW-PCVR\src\cgame\cg_main.c(39,10): fatal error C1083: Datei (Include) kann nicht geöffnet werden: "../../../RTCWVR/VrClientInfo.h": No such file or directory
  cg_marks.c
  cg_newDraw.c
  cg_particles.c
C:\Unity\RTCW-PCVR\src\cgame\cg_particles.c(650,14): warning C4457: Deklaration von "alpha" blendet Funktionsparameter aus
C:\Unity\RTCW-PCVR\src\cgame\cg_particles.c(205,63): message : Siehe Deklaration von "alpha"
C:\Unity\RTCW-PCVR\src\cgame\cg_particles.c(709,14): warning C4456: Deklaration von "width" blendet vorherige lokale Deklaration aus
C:\Unity\RTCW-PCVR\src\cgame\cg_particles.c(209,8): message : Siehe Deklaration von "width"
C:\Unity\RTCW-PCVR\src\cgame\cg_particles.c(709,22): warning C4456: Deklaration von "height" blendet vorherige lokale Deklaration aus
C:\Unity\RTCW-PCVR\src\cgame\cg_particles.c(210,8): message : Siehe Deklaration von "height"
  cg_players.c
C:\Unity\RTCW-PCVR\src\cgame\cg_players.c(4459,14): warning C4456: Deklaration von "alpha" blendet vorherige lokale Deklaration aus
C:\Unity\RTCW-PCVR\src\cgame\cg_players.c(4197,8): message : Siehe Deklaration von "alpha"
  cg_playerstate.c
  cg_predict.c
  Kompilieren...
  Code wird generiert...
C:\Unity\RTCW-PCVR\src\cgame\cg_effects.c(839): warning C4701: Die möglicherweise nicht initialisierte lokale Variable "size" wurde verwendet.
C:\Unity\RTCW-PCVR\src\cgame\cg_players.c(3566): warning C4723: Mögliche Division durch 0 (Null)
  Kompilieren...
  cg_scoreboard.c
C:\Unity\RTCW-PCVR\src\cgame\cg_scoreboard.c(369,16): warning C4456: Deklaration von "s" blendet vorherige lokale Deklaration aus
C:\Unity\RTCW-PCVR\src\cgame\cg_scoreboard.c(351,15): message : Siehe Deklaration von "s"
  cg_servercmds.c
  cg_snapshot.c
  cg_sound.c
  cg_syscalls.c
  cg_trails.c
C:\Unity\RTCW-PCVR\src\cgame\cg_trails.c(699,9): warning C4456: Deklaration von "k" blendet vorherige lokale Deklaration aus
C:\Unity\RTCW-PCVR\src\cgame\cg_trails.c(432,6): message : Siehe Deklaration von "k"
C:\Unity\RTCW-PCVR\src\cgame\cg_trails.c(711,9): warning C4456: Deklaration von "k" blendet vorherige lokale Deklaration aus
C:\Unity\RTCW-PCVR\src\cgame\cg_trails.c(432,6): message : Siehe Deklaration von "k"
  cg_view.c
  cg_weapons.c
C:\Unity\RTCW-PCVR\src\cgame\cg_weapons.c(2227,22): warning C4457: Deklaration von "origin" blendet Funktionsparameter aus
C:\Unity\RTCW-PCVR\src\cgame\cg_weapons.c(2208,59): message : Siehe Deklaration von "origin"
C:\Unity\RTCW-PCVR\src\cgame\cg_weapons.c(3374,18): warning C4456: Deklaration von "angles" blendet vorherige lokale Deklaration aus
C:\Unity\RTCW-PCVR\src\cgame\cg_weapons.c(2888,9): message : Siehe Deklaration von "angles"
C:\Unity\RTCW-PCVR\src\cgame\cg_weapons.c(3678,22): warning C4456: Deklaration von "angles" blendet vorherige lokale Deklaration aus
C:\Unity\RTCW-PCVR\src\cgame\cg_weapons.c(3512,9): message : Siehe Deklaration von "angles"
C:\Unity\RTCW-PCVR\src\cgame\cg_weapons.c(3511,8): warning C4101: "fovOffset": Unreferenzierte lokale Variable
C:\Unity\RTCW-PCVR\src\cgame\cg_weapons.c(5471,22): warning C4457: Deklaration von "cent" blendet Funktionsparameter aus
C:\Unity\RTCW-PCVR\src\cgame\cg_weapons.c(5368,32): message : Siehe Deklaration von "cent"
  q_math.c
  q_shared.c
  ui_shared.c
C:\Unity\RTCW-PCVR\src\ui\ui_shared.c(1613,6): warning C4013: "LOGI" undefiniert; Annahme: extern mit Rückgabetyp int
C:\Unity\RTCW-PCVR\src\ui\ui_shared.c(4212,21): warning C4456: Deklaration von "parent" blendet vorherige lokale Deklaration aus
C:\Unity\RTCW-PCVR\src\ui\ui_shared.c(4202,13): message : Siehe Deklaration von "parent"
C:\Unity\RTCW-PCVR\src\ui\ui_shared.c(4656,10): warning C4101: "tdist": Unreferenzierte lokale Variable
  Kompilieren...
  Code wird generiert...
C:\Unity\RTCW-PCVR\src\cgame\cg_sound.c(366): warning C4701: Die möglicherweise nicht initialisierte lokale Variable "sound" wurde verwendet.
C:\Unity\RTCW-PCVR\src\cgame\cg_view.c(1240): warning C4706: Zuweisung in bedingtem Ausdruck
