e:\rtcw-sp-master\src\cgame\release\cgamex86.lib
e:\rtcw-sp-master\src\cgame\release\cgamex86.exp
e:\rtcw-sp-master\src\cgame\release\vc141.pdb
e:\rtcw-sp-master\src\cgame\release\cg_particles.obj
e:\rtcw-sp-master\src\cgame\release\cg_newdraw.obj
e:\rtcw-sp-master\src\cgame\release\cg_marks.obj
e:\rtcw-sp-master\src\cgame\release\cg_main.obj
e:\rtcw-sp-master\src\cgame\release\cg_localents.obj
e:\rtcw-sp-master\src\cgame\release\cg_info.obj
e:\rtcw-sp-master\src\cgame\release\cg_flamethrower.obj
e:\rtcw-sp-master\src\cgame\release\cg_event.obj
e:\rtcw-sp-master\src\cgame\release\cg_ents.obj
e:\rtcw-sp-master\src\cgame\release\cg_effects.obj
e:\rtcw-sp-master\src\cgame\release\cg_drawtools.obj
e:\rtcw-sp-master\src\cgame\release\cg_draw.obj
e:\rtcw-sp-master\src\cgame\release\cg_consolecmds.obj
e:\rtcw-sp-master\src\cgame\release\ui_shared.obj
e:\rtcw-sp-master\src\cgame\release\q_shared.obj
e:\rtcw-sp-master\src\cgame\release\q_math.obj
e:\rtcw-sp-master\src\cgame\release\bg_slidemove.obj
e:\rtcw-sp-master\src\cgame\release\bg_pmove.obj
e:\rtcw-sp-master\src\cgame\release\bg_misc.obj
e:\rtcw-sp-master\src\cgame\release\bg_animation.obj
e:\rtcw-sp-master\src\cgame\release\cg_weapons.obj
e:\rtcw-sp-master\src\cgame\release\cg_view.obj
e:\rtcw-sp-master\src\cgame\release\cg_trails.obj
e:\rtcw-sp-master\src\cgame\release\cg_syscalls.obj
e:\rtcw-sp-master\src\cgame\release\cg_sound.obj
e:\rtcw-sp-master\src\cgame\release\cg_snapshot.obj
e:\rtcw-sp-master\src\cgame\release\cg_servercmds.obj
e:\rtcw-sp-master\src\cgame\release\cg_scoreboard.obj
e:\rtcw-sp-master\src\cgame\release\cg_predict.obj
e:\rtcw-sp-master\src\cgame\release\cg_playerstate.obj
e:\rtcw-sp-master\src\cgame\release\cg_players.obj
e:\rtcwquest\src\cgame\release\vc141.pdb
e:\rtcwquest\src\cgame\release\cg_predict.obj
e:\rtcwquest\src\cgame\release\cg_playerstate.obj
e:\rtcwquest\src\cgame\release\cg_players.obj
e:\rtcwquest\src\cgame\release\cg_particles.obj
e:\rtcwquest\src\cgame\release\cg_newdraw.obj
e:\rtcwquest\src\cgame\release\cg_marks.obj
e:\rtcwquest\src\cgame\release\cg_main.obj
e:\rtcwquest\src\cgame\release\cg_localents.obj
e:\rtcwquest\src\cgame\release\cg_info.obj
e:\rtcwquest\src\cgame\release\cg_flamethrower.obj
e:\rtcwquest\src\cgame\release\cg_event.obj
e:\rtcwquest\src\cgame\release\cg_ents.obj
e:\rtcwquest\src\cgame\release\cg_effects.obj
e:\rtcwquest\src\cgame\release\cg_drawtools.obj
e:\rtcwquest\src\cgame\release\cg_draw.obj
e:\rtcwquest\src\cgame\release\cg_consolecmds.obj
e:\rtcwquest\src\cgame\release\bg_slidemove.obj
e:\rtcwquest\src\cgame\release\bg_pmove.obj
e:\rtcwquest\src\cgame\release\bg_misc.obj
e:\rtcwquest\src\cgame\release\bg_animation.obj
e:\rtcwquest\src\cgame\release\ui_shared.obj
e:\rtcwquest\src\cgame\release\q_shared.obj
e:\rtcwquest\src\cgame\release\q_math.obj
e:\rtcwquest\src\cgame\release\cg_weapons.obj
e:\rtcwquest\src\cgame\release\cg_view.obj
e:\rtcwquest\src\cgame\release\cg_trails.obj
e:\rtcwquest\src\cgame\release\cg_syscalls.obj
e:\rtcwquest\src\cgame\release\cg_sound.obj
e:\rtcwquest\src\cgame\release\cg_snapshot.obj
e:\rtcwquest\src\cgame\release\cg_servercmds.obj
e:\rtcwquest\src\cgame\release\cg_scoreboard.obj
c:\unity\rtcw-pcvr\src\cgame\release\vc142.pdb
c:\unity\rtcw-pcvr\src\cgame\release\cg_playerstate.obj
c:\unity\rtcw-pcvr\src\cgame\release\cg_players.obj
c:\unity\rtcw-pcvr\src\cgame\release\cg_particles.obj
c:\unity\rtcw-pcvr\src\cgame\release\cg_newdraw.obj
c:\unity\rtcw-pcvr\src\cgame\release\cg_marks.obj
c:\unity\rtcw-pcvr\src\cgame\release\cg_localents.obj
c:\unity\rtcw-pcvr\src\cgame\release\cg_info.obj
c:\unity\rtcw-pcvr\src\cgame\release\cg_flamethrower.obj
c:\unity\rtcw-pcvr\src\cgame\release\cg_event.obj
c:\unity\rtcw-pcvr\src\cgame\release\cg_effects.obj
c:\unity\rtcw-pcvr\src\cgame\release\cg_consolecmds.obj
c:\unity\rtcw-pcvr\src\cgame\release\bg_slidemove.obj
c:\unity\rtcw-pcvr\src\cgame\release\bg_misc.obj
c:\unity\rtcw-pcvr\src\cgame\release\bg_animation.obj
c:\unity\rtcw-pcvr\src\cgame\release\ui_shared.obj
c:\unity\rtcw-pcvr\src\cgame\release\q_shared.obj
c:\unity\rtcw-pcvr\src\cgame\release\q_math.obj
c:\unity\rtcw-pcvr\src\cgame\release\cg_view.obj
c:\unity\rtcw-pcvr\src\cgame\release\cg_trails.obj
c:\unity\rtcw-pcvr\src\cgame\release\cg_syscalls.obj
c:\unity\rtcw-pcvr\src\cgame\release\cg_sound.obj
c:\unity\rtcw-pcvr\src\cgame\release\cg_snapshot.obj
c:\unity\rtcw-pcvr\src\cgame\release\cg_servercmds.obj
c:\unity\rtcw-pcvr\src\cgame\release\cg_scoreboard.obj
c:\unity\rtcw-pcvr\src\cgame\release\cg_drawtools.obj
c:\unity\rtcw-pcvr\src\cgame\release\cg_draw.obj
c:\unity\rtcw-pcvr\src\cgame\release\cg_weapons.obj
c:\unity\rtcw-pcvr\src\cgame\release\cg_predict.obj
c:\unity\rtcw-pcvr\src\cgame\release\cg_ents.obj
c:\unity\rtcw-pcvr\src\cgame\release\bg_pmove.obj
c:\unity\rtcw-pcvr\src\cgame\release\cg_main.obj
c:\unity\rtcw-pcvr\src\cgame\release\cgamex86.exp
c:\unity\rtcw-pcvr\src\cgame\release\cgamex86.pdb
c:\unity\rtcw-pcvr\src\cgame\release\vc141.pdb
c:\unity\rtcw-pcvr\src\cgame\release\cgame.tlog\cgame.write.1u.tlog
c:\unity\rtcw-pcvr\src\cgame\release\cgame.tlog\cl.command.1.tlog
c:\unity\rtcw-pcvr\src\cgame\release\cgame.tlog\cl.read.1.tlog
c:\unity\rtcw-pcvr\src\cgame\release\cgame.tlog\cl.write.1.tlog
c:\unity\rtcw-pcvr\src\cgame\release\cgame.tlog\link-cvtres.read.1.tlog
c:\unity\rtcw-pcvr\src\cgame\release\cgame.tlog\link-cvtres.write.1.tlog
c:\unity\rtcw-pcvr\src\cgame\release\cgame.tlog\link-rc.read.1.tlog
c:\unity\rtcw-pcvr\src\cgame\release\cgame.tlog\link-rc.write.1.tlog
c:\unity\rtcw-pcvr\src\cgame\release\cgame.tlog\link.command.1.tlog
c:\unity\rtcw-pcvr\src\cgame\release\cgame.tlog\link.read.1.tlog
c:\unity\rtcw-pcvr\src\cgame\release\cgame.tlog\link.write.1.tlog
