e:\rtcw-sp-master\src\release\vc141.pdb
e:\rtcw-sp-master\src\release\cm_patch.obj
e:\rtcw-sp-master\src\release\cm_load.obj
e:\rtcw-sp-master\src\release\cmd.obj
e:\rtcw-sp-master\src\release\q_shared.obj
e:\rtcw-sp-master\src\release\q_math.obj
e:\rtcw-sp-master\src\release\snd_wavelet.obj
e:\rtcw-sp-master\src\release\snd_mix.obj
e:\rtcw-sp-master\src\release\snd_mem.obj
e:\rtcw-sp-master\src\release\snd_dma.obj
e:\rtcw-sp-master\src\release\snd_adpcm.obj
e:\rtcw-sp-master\src\release\cl_ui.obj
e:\rtcw-sp-master\src\release\cl_scrn.obj
e:\rtcw-sp-master\src\release\cl_parse.obj
e:\rtcw-sp-master\src\release\cl_net_chan.obj
e:\rtcw-sp-master\src\release\cl_main.obj
e:\rtcw-sp-master\src\release\cl_keys.obj
e:\rtcw-sp-master\src\release\cl_console.obj
e:\rtcw-sp-master\src\release\cl_cin.obj
e:\rtcw-sp-master\src\release\cl_cgame.obj
e:\rtcw-sp-master\src\release\sv_main.obj
e:\rtcw-sp-master\src\release\sv_init.obj
e:\rtcw-sp-master\src\release\sv_game.obj
e:\rtcw-sp-master\src\release\sv_client.obj
e:\rtcw-sp-master\src\release\sv_ccmds.obj
e:\rtcw-sp-master\src\release\sv_bot.obj
e:\rtcw-sp-master\src\release\vm_x86.obj
e:\rtcw-sp-master\src\release\vm_interpreted.obj
e:\rtcw-sp-master\src\release\vm.obj
e:\rtcw-sp-master\src\release\unzip.obj
e:\rtcw-sp-master\src\release\net_chan.obj
e:\rtcw-sp-master\src\release\msg.obj
e:\rtcw-sp-master\src\release\md4.obj
e:\rtcw-sp-master\src\release\huffman.obj
e:\rtcw-sp-master\src\release\files.obj
e:\rtcw-sp-master\src\release\cvar.obj
e:\rtcw-sp-master\src\release\common.obj
e:\rtcw-sp-master\src\release\cm_trace.obj
e:\rtcw-sp-master\src\release\cm_test.obj
e:\rtcw-sp-master\src\release\cm_polylib.obj
e:\rtcw-sp-master\src\release\win_wndproc.obj
e:\rtcw-sp-master\src\release\win_syscon.obj
e:\rtcw-sp-master\src\release\win_snd.obj
e:\rtcw-sp-master\src\release\win_shared.obj
e:\rtcw-sp-master\src\release\win_net.obj
e:\rtcw-sp-master\src\release\win_main.obj
e:\rtcw-sp-master\src\release\win_input.obj
e:\rtcw-sp-master\src\release\sv_world.obj
e:\rtcw-sp-master\src\release\sv_snapshot.obj
e:\rtcw-sp-master\src\release\sv_net_chan.obj
e:\rtcwquest\src\release\vc141.pdb
e:\rtcwquest\src\release\cm_patch.obj
e:\rtcwquest\src\release\cm_load.obj
e:\rtcwquest\src\release\cmd.obj
e:\rtcwquest\src\release\q_shared.obj
e:\rtcwquest\src\release\q_math.obj
e:\rtcwquest\src\release\snd_wavelet.obj
e:\rtcwquest\src\release\snd_mix.obj
e:\rtcwquest\src\release\snd_mem.obj
e:\rtcwquest\src\release\snd_dma.obj
e:\rtcwquest\src\release\snd_adpcm.obj
e:\rtcwquest\src\release\cl_ui.obj
e:\rtcwquest\src\release\cl_scrn.obj
e:\rtcwquest\src\release\cl_parse.obj
e:\rtcwquest\src\release\cl_net_chan.obj
e:\rtcwquest\src\release\cl_main.obj
e:\rtcwquest\src\release\cl_keys.obj
e:\rtcwquest\src\release\cl_console.obj
e:\rtcwquest\src\release\cl_cin.obj
e:\rtcwquest\src\release\sv_init.obj
e:\rtcwquest\src\release\sv_game.obj
e:\rtcwquest\src\release\sv_client.obj
e:\rtcwquest\src\release\sv_ccmds.obj
e:\rtcwquest\src\release\sv_bot.obj
e:\rtcwquest\src\release\vm_x86.obj
e:\rtcwquest\src\release\vm_interpreted.obj
e:\rtcwquest\src\release\vm.obj
e:\rtcwquest\src\release\unzip.obj
e:\rtcwquest\src\release\net_chan.obj
e:\rtcwquest\src\release\msg.obj
e:\rtcwquest\src\release\md4.obj
e:\rtcwquest\src\release\huffman.obj
e:\rtcwquest\src\release\files.obj
e:\rtcwquest\src\release\cvar.obj
e:\rtcwquest\src\release\common.obj
e:\rtcwquest\src\release\cm_trace.obj
e:\rtcwquest\src\release\cm_test.obj
e:\rtcwquest\src\release\cm_polylib.obj
e:\rtcwquest\src\release\win_wndproc.obj
e:\rtcwquest\src\release\win_syscon.obj
e:\rtcwquest\src\release\win_snd.obj
e:\rtcwquest\src\release\win_shared.obj
e:\rtcwquest\src\release\win_net.obj
e:\rtcwquest\src\release\win_main.obj
e:\rtcwquest\src\release\win_input.obj
e:\rtcwquest\src\release\sv_world.obj
e:\rtcwquest\src\release\sv_snapshot.obj
e:\rtcwquest\src\release\sv_net_chan.obj
e:\rtcwquest\src\release\sv_main.obj
e:\rtcwquest\src\release\cl_cgame.obj
c:\unity\rtcw-pcvr\src\release\vc142.pdb
c:\unity\rtcw-pcvr\src\release\cm_patch.obj
c:\unity\rtcw-pcvr\src\release\cm_load.obj
c:\unity\rtcw-pcvr\src\release\cmd.obj
c:\unity\rtcw-pcvr\src\release\q_shared.obj
c:\unity\rtcw-pcvr\src\release\q_math.obj
c:\unity\rtcw-pcvr\src\release\snd_wavelet.obj
c:\unity\rtcw-pcvr\src\release\snd_mix.obj
c:\unity\rtcw-pcvr\src\release\snd_mem.obj
c:\unity\rtcw-pcvr\src\release\snd_dma.obj
c:\unity\rtcw-pcvr\src\release\snd_adpcm.obj
c:\unity\rtcw-pcvr\src\release\cl_ui.obj
c:\unity\rtcw-pcvr\src\release\cl_scrn.obj
c:\unity\rtcw-pcvr\src\release\cl_parse.obj
c:\unity\rtcw-pcvr\src\release\cl_net_chan.obj
c:\unity\rtcw-pcvr\src\release\cl_main.obj
c:\unity\rtcw-pcvr\src\release\cl_console.obj
c:\unity\rtcw-pcvr\src\release\cl_cin.obj
c:\unity\rtcw-pcvr\src\release\cl_cgame.obj
c:\unity\rtcw-pcvr\src\release\sv_main.obj
c:\unity\rtcw-pcvr\src\release\sv_init.obj
c:\unity\rtcw-pcvr\src\release\sv_game.obj
c:\unity\rtcw-pcvr\src\release\sv_client.obj
c:\unity\rtcw-pcvr\src\release\sv_ccmds.obj
c:\unity\rtcw-pcvr\src\release\sv_bot.obj
c:\unity\rtcw-pcvr\src\release\vm_x86.obj
c:\unity\rtcw-pcvr\src\release\vm_interpreted.obj
c:\unity\rtcw-pcvr\src\release\vm.obj
c:\unity\rtcw-pcvr\src\release\unzip.obj
c:\unity\rtcw-pcvr\src\release\net_chan.obj
c:\unity\rtcw-pcvr\src\release\msg.obj
c:\unity\rtcw-pcvr\src\release\md4.obj
c:\unity\rtcw-pcvr\src\release\huffman.obj
c:\unity\rtcw-pcvr\src\release\files.obj
c:\unity\rtcw-pcvr\src\release\cvar.obj
c:\unity\rtcw-pcvr\src\release\common.obj
c:\unity\rtcw-pcvr\src\release\cm_trace.obj
c:\unity\rtcw-pcvr\src\release\cm_test.obj
c:\unity\rtcw-pcvr\src\release\cm_polylib.obj
c:\unity\rtcw-pcvr\src\release\win_wndproc.obj
c:\unity\rtcw-pcvr\src\release\win_syscon.obj
c:\unity\rtcw-pcvr\src\release\win_snd.obj
c:\unity\rtcw-pcvr\src\release\win_shared.obj
c:\unity\rtcw-pcvr\src\release\win_net.obj
c:\unity\rtcw-pcvr\src\release\win_input.obj
c:\unity\rtcw-pcvr\src\release\sv_world.obj
c:\unity\rtcw-pcvr\src\release\sv_snapshot.obj
c:\unity\rtcw-pcvr\src\release\sv_net_chan.obj
c:\unity\rtcw-pcvr\src\release\cl_keys.obj
c:\unity\rtcw-pcvr\src\release\win_main.obj
c:\unity\rtcw-pcvr\src\release\vc141.pdb
c:\unity\rtcw-pcvr\src\release\wolf.tlog\cl.command.1.tlog
c:\unity\rtcw-pcvr\src\release\wolf.tlog\cl.read.1.tlog
c:\unity\rtcw-pcvr\src\release\wolf.tlog\cl.write.1.tlog
